[Info  - 12:13:13 PM] Initialising intelephense 1.9.5
[Info  - 12:13:13 PM] Initialised in 151 ms
[Info  - 12:13:14 PM] Searching file:///root/.vscode/extensions/bmewburn.vscode-intelephense-client-1.9.5/node_modules/intelephense/lib/stub for files to index.
[Info  - 12:13:14 PM] Searching file:///opt/lampp/htdocs/laravel/Siakad for files to index.
[Warn  - 12:13:17 PM] file:///opt/lampp/htdocs/laravel/Siakad/vendor/fakerphp/faker/src/Faker/Provider/nl_BE/Text.php is over the maximum file size of 1000000 bytes.
[Info  - 12:13:17 PM] Indexing started.
[Info  - 12:15:05 PM] Indexing ended. 8076 files indexed in 108s.
[Info  - 12:15:05 PM] Writing state to /opt/lampp/htdocs/laravel/Siakad/User/workspaceStorage/84cf5789cb3ba304ef0fa4e22f95bb5d/bmewburn.vscode-intelephense-client/17f40784.
[Info  - 12:15:08 PM] Wrote state in 2.6s.
[Info  - 12:15:49 PM] Indexing started.
[Info  - 12:15:49 PM] Indexing ended. 2 files indexed in 0s.
[Info  - 12:15:49 PM] Indexing started.
[Info  - 12:15:50 PM] Indexing ended. 1 files indexed in 0s.
[Info  - 12:15:52 PM] Indexing started.
[Info  - 12:15:52 PM] Indexing ended. 3 files indexed in 0s.
[Info  - 12:16:03 PM] Indexing started.
[Info  - 12:16:04 PM] Indexing ended. 2 files indexed in 0s.
[Info  - 12:16:45 PM] Indexing started.
[Info  - 12:16:46 PM] Indexing ended. 4 files indexed in 0s.
[Info  - 12:16:46 PM] Indexing started.
[Info  - 12:16:46 PM] Indexing ended. 1 files indexed in 0s.
[Info  - 12:16:59 PM] Indexing started.
[Info  - 12:16:59 PM] Indexing ended. 1 files indexed in 0s.
[Info  - 12:17:01 PM] Indexing started.
[Info  - 12:17:01 PM] Indexing ended. 1 files indexed in 0s.
[Info  - 12:17:23 PM] Indexing started.
[Info  - 12:17:23 PM] Indexing ended. 1 files indexed in 0s.
[Info  - 12:18:17 PM] Indexing started.
[Info  - 12:18:17 PM] Indexing ended. 3 files indexed in 0s.
[Info  - 12:18:17 PM] Indexing started.
[Info  - 12:18:17 PM] Indexing ended. 1 files indexed in 0s.
[Info  - 12:18:18 PM] Indexing started.
[Info  - 12:18:18 PM] Indexing ended. 2 files indexed in 0s.
[Info  - 12:18:19 PM] Indexing started.
[Info  - 12:18:19 PM] Indexing ended. 5 files indexed in 0s.
[Info  - 12:18:49 PM] Indexing started.
[Info  - 12:18:50 PM] Indexing ended. 1 files indexed in 0s.
[Info  - 12:20:40 PM] Indexing started.
[Info  - 12:20:41 PM] Indexing ended. 3 files indexed in 0s.
[Info  - 12:20:42 PM] Indexing started.
[Info  - 12:20:43 PM] Indexing ended. 1 files indexed in 0s.
[Info  - 12:21:28 PM] Indexing started.
[Info  - 12:21:28 PM] Indexing ended. 1 files indexed in 0s.
[Info  - 12:22:27 PM] Indexing started.
[Info  - 12:22:27 PM] Indexing ended. 1 files indexed in 0s.
[Info  - 1:26:16 PM] Indexing started.
[Info  - 1:26:16 PM] Indexing ended. 2 files indexed in 0s.
[Info  - 1:26:19 PM] Indexing started.
[Info  - 1:26:19 PM] Indexing ended. 2 files indexed in 0s.
[Info  - 1:26:20 PM] Indexing started.
[Info  - 1:26:21 PM] Indexing ended. 2 files indexed in 0s.
[Info  - 1:26:34 PM] Indexing started.
[Info  - 1:26:34 PM] Indexing ended. 1 files indexed in 0s.
[Info  - 1:28:06 PM] Indexing started.
[Info  - 1:28:06 PM] Indexing ended. 1 files indexed in 0s.
[Info  - 1:28:11 PM] Indexing started.
[Info  - 1:28:11 PM] Indexing ended. 1 files indexed in 0s.
[Info  - 1:33:29 PM] Indexing started.
[Info  - 1:33:29 PM] Indexing ended. 1 files indexed in 0s.
[Info  - 1:33:51 PM] Indexing started.
[Info  - 1:33:51 PM] Indexing ended. 2 files indexed in 0s.
[Info  - 1:35:39 PM] Indexing started.
[Info  - 1:35:40 PM] Indexing ended. 3 files indexed in 0s.
[Info  - 1:35:41 PM] Indexing started.
[Info  - 1:35:41 PM] Indexing ended. 1 files indexed in 0s.
[Info  - 1:35:53 PM] Indexing started.
[Info  - 1:35:53 PM] Indexing ended. 2 files indexed in 0s.
[Info  - 1:35:54 PM] Indexing started.
[Info  - 1:35:54 PM] Indexing ended. 3 files indexed in 0s.
[Info  - 1:35:57 PM] Indexing started.
[Info  - 1:35:57 PM] Indexing ended. 2 files indexed in 0s.
[Info  - 1:35:57 PM] Indexing started.
[Info  - 1:35:58 PM] Indexing ended. 1 files indexed in 0s.
[Info  - 1:36:11 PM] Indexing started.
[Info  - 1:36:11 PM] Indexing ended. 3 files indexed in 0s.
[Info  - 1:36:12 PM] Indexing started.
[Info  - 1:36:12 PM] Indexing ended. 1 files indexed in 0s.
[Info  - 1:37:32 PM] Indexing started.
[Info  - 1:37:32 PM] Indexing ended. 1 files indexed in 0s.
[Info  - 1:37:32 PM] Indexing started.
[Info  - 1:37:32 PM] Indexing ended. 2 files indexed in 0s.
[Info  - 1:37:33 PM] Indexing started.
[Info  - 1:37:33 PM] Indexing ended. 1 files indexed in 0s.
[Info  - 1:37:39 PM] Indexing started.
[Info  - 1:37:39 PM] Indexing ended. 1 files indexed in 0s.
[Info  - 1:39:09 PM] Indexing started.
[Info  - 1:39:09 PM] Indexing ended. 3 files indexed in 0s.
[Info  - 1:39:10 PM] Indexing started.
[Info  - 1:39:10 PM] Indexing ended. 1 files indexed in 0s.
[Info  - 1:39:10 PM] Indexing started.
[Info  - 1:39:10 PM] Indexing ended. 1 files indexed in 0s.
[Info  - 1:39:13 PM] Indexing started.
[Info  - 1:39:13 PM] Indexing ended. 1 files indexed in 0s.
[Info  - 1:40:22 PM] Indexing started.
[Info  - 1:40:22 PM] Indexing ended. 3 files indexed in 0s.
[Info  - 1:40:23 PM] Indexing started.
[Info  - 1:40:23 PM] Indexing ended. 1 files indexed in 0s.
[Info  - 1:40:45 PM] Indexing started.
[Info  - 1:40:46 PM] Indexing ended. 2 files indexed in 0s.
[Info  - 1:40:46 PM] Indexing started.
[Info  - 1:40:46 PM] Indexing ended. 2 files indexed in 0s.
[Info  - 1:40:47 PM] Indexing started.
[Info  - 1:40:47 PM] Indexing ended. 2 files indexed in 0s.
[Info  - 1:40:49 PM] Indexing started.
[Info  - 1:40:49 PM] Indexing ended. 1 files indexed in 0s.
[Info  - 1:40:55 PM] Indexing started.
[Info  - 1:40:55 PM] Indexing ended. 3 files indexed in 0s.
[Info  - 1:40:56 PM] Indexing started.
[Info  - 1:40:56 PM] Indexing ended. 2 files indexed in 0s.
[Info  - 1:40:58 PM] Indexing started.
[Info  - 1:40:58 PM] Indexing ended. 1 files indexed in 0s.
[Info  - 1:41:04 PM] Indexing started.
[Info  - 1:41:04 PM] Indexing ended. 2 files indexed in 0s.
[Info  - 1:42:34 PM] Indexing started.
[Info  - 1:42:34 PM] Indexing ended. 3 files indexed in 0s.
[Info  - 1:42:35 PM] Indexing started.
[Info  - 1:42:36 PM] Indexing ended. 1 files indexed in 0s.
[Info  - 1:42:51 PM] Indexing started.
[Info  - 1:42:51 PM] Indexing ended. 2 files indexed in 0s.
[Info  - 1:42:51 PM] Indexing started.
[Info  - 1:42:52 PM] Indexing ended. 2 files indexed in 0s.
[Info  - 1:42:53 PM] Indexing started.
[Info  - 1:42:53 PM] Indexing ended. 1 files indexed in 0s.
[Info  - 1:43:01 PM] Indexing started.
[Info  - 1:43:01 PM] Indexing ended. 2 files indexed in 0s.
[Info  - 1:43:02 PM] Indexing started.
[Info  - 1:43:02 PM] Indexing ended. 1 files indexed in 0s.
[Info  - 1:43:19 PM] Indexing started.
[Info  - 1:43:19 PM] Indexing ended. 2 files indexed in 0s.
[Info  - 1:43:20 PM] Indexing started.
[Info  - 1:43:20 PM] Indexing ended. 1 files indexed in 0s.
[Info  - 1:43:26 PM] Indexing started.
[Info  - 1:43:26 PM] Indexing ended. 2 files indexed in 0s.
[Info  - 1:43:27 PM] Indexing started.
[Info  - 1:43:27 PM] Indexing ended. 1 files indexed in 0s.
[Info  - 1:44:28 PM] Indexing started.
[Info  - 1:44:28 PM] Indexing ended. 1 files indexed in 0s.
[Info  - 1:44:29 PM] Indexing started.
[Info  - 1:44:30 PM] Indexing ended. 2 files indexed in 0s.
[Info  - 1:44:33 PM] Indexing started.
[Info  - 1:44:33 PM] Indexing ended. 3 files indexed in 0s.
[Info  - 1:44:35 PM] Indexing started.
[Info  - 1:44:35 PM] Indexing ended. 1 files indexed in 0s.
