2023-08-29 12:12:41.301 [info] Getting Manifest... bmewburn.vscode-intelephense-client
2023-08-29 12:12:41.380 [info] Installing extension: bmewburn.vscode-intelephense-client
2023-08-29 12:13:00.777 [info] Extension signature is verified: bmewburn.vscode-intelephense-client
2023-08-29 12:13:07.684 [info] Extracted extension to file:///root/.vscode/extensions/bmewburn.vscode-intelephense-client-1.9.5: bmewburn.vscode-intelephense-client
2023-08-29 12:13:07.702 [info] Renamed to /root/.vscode/extensions/bmewburn.vscode-intelephense-client-1.9.5
2023-08-29 12:13:07.730 [info] Extracting extension completed. bmewburn.vscode-intelephense-client
2023-08-29 12:13:07.821 [info] Extension installed successfully: bmewburn.vscode-intelephense-client
2023-08-29 12:13:42.789 [info] Getting Manifest... codingyu.laravel-goto-view
2023-08-29 12:13:43.017 [info] Installing extension: codingyu.laravel-goto-view
2023-08-29 12:13:57.792 [warning] Extension signature verification failed with error 'PackageIntegrityCheckFailed': codingyu.laravel-goto-view
2023-08-29 12:13:58.582 [info] Extracted extension to file:///root/.vscode/extensions/codingyu.laravel-goto-view-1.3.9: codingyu.laravel-goto-view
2023-08-29 12:13:58.664 [info] Renamed to /root/.vscode/extensions/codingyu.laravel-goto-view-1.3.9
2023-08-29 12:13:58.677 [info] Extracting extension completed. codingyu.laravel-goto-view
2023-08-29 12:13:58.729 [info] Extension installed successfully: codingyu.laravel-goto-view
2023-08-29 12:25:39.797 [error] [uncaught exception in sharedProcess]: net::ERR_TIMED_OUT: Error: net::ERR_TIMED_OUT
    at SimpleURLLoaderWrapper.<anonymous> (node:electron/js2c/browser_init:2:49312)
    at SimpleURLLoaderWrapper.emit (node:events:513:28)
2023-08-29 12:25:39.813 [error] [uncaught exception in sharedProcess]: net::ERR_TIMED_OUT: Error: net::ERR_TIMED_OUT
    at SimpleURLLoaderWrapper.<anonymous> (node:electron/js2c/browser_init:2:49312)
    at SimpleURLLoaderWrapper.emit (node:events:513:28)
