2023-08-29 11:43:40.014 [info] Extension host with pid 20478 started
2023-08-29 11:43:40.014 [info] Skipping acquiring lock for /opt/lampp/htdocs/laravel/Siakad/User/workspaceStorage/84cf5789cb3ba304ef0fa4e22f95bb5d.
2023-08-29 11:43:41.218 [info] ExtensionService#_doActivateExtension vscode.git-base, startup: true, activationEvent: '*'
2023-08-29 11:43:41.309 [info] ExtensionService#_doActivateExtension vscode.npm, startup: true, activationEvent: 'workspaceContains:package.json'
2023-08-29 11:43:41.799 [info] ExtensionService#_doActivateExtension vscode.github, startup: true, activationEvent: '*'
2023-08-29 11:43:42.679 [info] Eager extensions activated
2023-08-29 11:43:42.732 [info] ExtensionService#_doActivateExtension vscode.debug-auto-launch, startup: false, activationEvent: 'onStartupFinished'
2023-08-29 11:43:42.744 [info] ExtensionService#_doActivateExtension vscode.merge-conflict, startup: false, activationEvent: 'onStartupFinished'
2023-08-29 11:43:42.934 [info] ExtensionService#_doActivateExtension esbenp.prettier-vscode, startup: false, activationEvent: 'onStartupFinished'
2023-08-29 11:43:44.028 [info] ExtensionService#_doActivateExtension vscode-icons-team.vscode-icons, startup: false, activationEvent: 'onStartupFinished'
2023-08-29 11:43:51.051 [info] ExtensionService#_doActivateExtension vscode.github-authentication, startup: false, activationEvent: 'onAuthenticationRequest:github'
2023-08-29 11:43:52.237 [info] ExtensionService#_doActivateExtension vscode.json-language-features, startup: false, activationEvent: 'onLanguage:jsonc'
2023-08-29 11:43:52.846 [info] ExtensionService#_doActivateExtension vscode.typescript-language-features, startup: false, activationEvent: 'onLanguage:jsonc'
2023-08-29 11:43:54.081 [info] ExtensionService#_doActivateExtension vscode.emmet, startup: false, activationEvent: 'onLanguage'
2023-08-29 11:43:56.876 [info] ExtensionService#_doActivateExtension vscode.microsoft-authentication, startup: false, activationEvent: 'onAuthenticationRequest:microsoft'
2023-08-29 11:44:00.487 [info] ExtensionService#_doActivateExtension vscode.git, startup: false, activationEvent: 'api', root cause: vscode.github
2023-08-29 11:44:00.842 [info] ExtensionService#_doActivateExtension apility.beautify-blade, startup: false, activationEvent: '*'
2023-08-29 11:44:00.964 [info] ExtensionService#_doActivateExtension austenc.laravel-blade-spacer, startup: false, activationEvent: '*'
2023-08-29 11:44:00.980 [info] ExtensionService#_doActivateExtension ritwickdey.LiveServer, startup: false, activationEvent: 'onStartupFinished'
2023-08-29 11:44:16.342 [warning] [Decorations] CAPPING events from decorations provider vscode.git 272
2023-08-29 11:44:21.678 [warning] [Decorations] CAPPING events from decorations provider vscode.git 272
2023-08-29 11:44:26.908 [warning] [Decorations] CAPPING events from decorations provider vscode.git 272
2023-08-29 11:44:32.192 [warning] [Decorations] CAPPING events from decorations provider vscode.git 273
2023-08-29 11:44:36.872 [info] ExtensionService#_doActivateExtension vscode.php-language-features, startup: false, activationEvent: 'onLanguage:php'
2023-08-29 11:44:38.770 [warning] [Decorations] CAPPING events from decorations provider vscode.git 273
2023-08-29 11:44:44.057 [warning] [Decorations] CAPPING events from decorations provider vscode.git 273
2023-08-29 11:44:49.273 [warning] [Decorations] CAPPING events from decorations provider vscode.git 273
2023-08-29 11:44:54.651 [warning] [Decorations] CAPPING events from decorations provider vscode.git 275
2023-08-29 11:45:00.321 [warning] [Decorations] CAPPING events from decorations provider vscode.git 275
2023-08-29 11:45:06.131 [warning] [Decorations] CAPPING events from decorations provider vscode.git 275
2023-08-29 11:45:11.575 [warning] [Decorations] CAPPING events from decorations provider vscode.git 275
2023-08-29 11:45:17.158 [warning] [Decorations] CAPPING events from decorations provider vscode.git 276
2023-08-29 11:45:22.543 [warning] [Decorations] CAPPING events from decorations provider vscode.git 276
2023-08-29 11:45:28.420 [warning] [Decorations] CAPPING events from decorations provider vscode.git 276
2023-08-29 11:45:34.179 [warning] [Decorations] CAPPING events from decorations provider vscode.git 277
2023-08-29 11:45:40.052 [warning] [Decorations] CAPPING events from decorations provider vscode.git 277
2023-08-29 11:45:45.871 [warning] [Decorations] CAPPING events from decorations provider vscode.git 277
2023-08-29 11:45:51.288 [warning] [Decorations] CAPPING events from decorations provider vscode.git 277
2023-08-29 11:45:57.179 [warning] [Decorations] CAPPING events from decorations provider vscode.git 282
2023-08-29 11:46:02.410 [warning] [Decorations] CAPPING events from decorations provider vscode.git 282
2023-08-29 11:46:19.309 [warning] [Decorations] CAPPING events from decorations provider vscode.git 296
2023-08-29 11:46:24.568 [warning] [Decorations] CAPPING events from decorations provider vscode.git 296
2023-08-29 11:46:29.984 [warning] [Decorations] CAPPING events from decorations provider vscode.git 296
2023-08-29 11:46:35.971 [warning] [Decorations] CAPPING events from decorations provider vscode.git 296
2023-08-29 11:46:42.170 [warning] [Decorations] CAPPING events from decorations provider vscode.git 296
2023-08-29 11:50:24.946 [warning] [Decorations] CAPPING events from decorations provider vscode.git 299
2023-08-29 11:55:22.874 [warning] [Decorations] CAPPING events from decorations provider vscode.git 299
2023-08-29 11:55:28.050 [warning] [Decorations] CAPPING events from decorations provider vscode.git 299
2023-08-29 11:55:33.403 [warning] [Decorations] CAPPING events from decorations provider vscode.git 299
2023-08-29 11:55:38.596 [warning] [Decorations] CAPPING events from decorations provider vscode.git 300
2023-08-29 11:56:06.554 [warning] [Decorations] CAPPING events from decorations provider vscode.git 301
2023-08-29 11:56:12.726 [warning] [Decorations] CAPPING events from decorations provider vscode.git 300
2023-08-29 11:56:29.407 [warning] [Decorations] CAPPING events from decorations provider vscode.git 300
2023-08-29 11:56:34.582 [warning] [Decorations] CAPPING events from decorations provider vscode.git 300
2023-08-29 11:56:39.801 [warning] [Decorations] CAPPING events from decorations provider vscode.git 300
2023-08-29 11:56:44.974 [warning] [Decorations] CAPPING events from decorations provider vscode.git 300
2023-08-29 11:56:50.118 [warning] [Decorations] CAPPING events from decorations provider vscode.git 300
2023-08-29 11:56:55.327 [warning] [Decorations] CAPPING events from decorations provider vscode.git 300
2023-08-29 11:57:00.500 [warning] [Decorations] CAPPING events from decorations provider vscode.git 300
2023-08-29 11:57:05.658 [warning] [Decorations] CAPPING events from decorations provider vscode.git 300
2023-08-29 11:57:10.791 [warning] [Decorations] CAPPING events from decorations provider vscode.git 300
2023-08-29 11:57:15.935 [warning] [Decorations] CAPPING events from decorations provider vscode.git 300
2023-08-29 11:57:21.021 [warning] [Decorations] CAPPING events from decorations provider vscode.git 300
2023-08-29 11:57:26.158 [warning] [Decorations] CAPPING events from decorations provider vscode.git 300
2023-08-29 11:57:31.291 [warning] [Decorations] CAPPING events from decorations provider vscode.git 300
2023-08-29 11:57:36.451 [warning] [Decorations] CAPPING events from decorations provider vscode.git 300
2023-08-29 11:57:41.657 [warning] [Decorations] CAPPING events from decorations provider vscode.git 300
2023-08-29 11:57:46.784 [warning] [Decorations] CAPPING events from decorations provider vscode.git 300
2023-08-29 11:57:51.854 [warning] [Decorations] CAPPING events from decorations provider vscode.git 300
2023-08-29 11:57:56.918 [warning] [Decorations] CAPPING events from decorations provider vscode.git 300
2023-08-29 11:58:02.042 [warning] [Decorations] CAPPING events from decorations provider vscode.git 300
2023-08-29 11:58:07.199 [warning] [Decorations] CAPPING events from decorations provider vscode.git 300
2023-08-29 11:58:12.309 [warning] [Decorations] CAPPING events from decorations provider vscode.git 300
2023-08-29 11:58:17.391 [warning] [Decorations] CAPPING events from decorations provider vscode.git 300
2023-08-29 11:58:22.491 [warning] [Decorations] CAPPING events from decorations provider vscode.git 300
2023-08-29 11:58:27.570 [warning] [Decorations] CAPPING events from decorations provider vscode.git 300
2023-08-29 11:58:32.707 [warning] [Decorations] CAPPING events from decorations provider vscode.git 300
2023-08-29 11:58:37.861 [warning] [Decorations] CAPPING events from decorations provider vscode.git 300
2023-08-29 11:58:42.932 [warning] [Decorations] CAPPING events from decorations provider vscode.git 300
2023-08-29 11:58:48.088 [warning] [Decorations] CAPPING events from decorations provider vscode.git 300
2023-08-29 11:58:53.177 [warning] [Decorations] CAPPING events from decorations provider vscode.git 300
2023-08-29 11:58:58.289 [warning] [Decorations] CAPPING events from decorations provider vscode.git 300
2023-08-29 11:59:03.403 [warning] [Decorations] CAPPING events from decorations provider vscode.git 300
2023-08-29 11:59:08.509 [warning] [Decorations] CAPPING events from decorations provider vscode.git 300
2023-08-29 11:59:13.642 [warning] [Decorations] CAPPING events from decorations provider vscode.git 300
2023-08-29 11:59:18.724 [warning] [Decorations] CAPPING events from decorations provider vscode.git 300
2023-08-29 11:59:23.857 [warning] [Decorations] CAPPING events from decorations provider vscode.git 300
2023-08-29 11:59:28.947 [warning] [Decorations] CAPPING events from decorations provider vscode.git 300
2023-08-29 11:59:34.137 [warning] [Decorations] CAPPING events from decorations provider vscode.git 300
2023-08-29 11:59:39.271 [warning] [Decorations] CAPPING events from decorations provider vscode.git 300
2023-08-29 11:59:44.344 [warning] [Decorations] CAPPING events from decorations provider vscode.git 300
2023-08-29 11:59:49.486 [warning] [Decorations] CAPPING events from decorations provider vscode.git 300
2023-08-29 11:59:54.613 [warning] [Decorations] CAPPING events from decorations provider vscode.git 300
2023-08-29 11:59:59.728 [warning] [Decorations] CAPPING events from decorations provider vscode.git 300
2023-08-29 12:00:04.906 [warning] [Decorations] CAPPING events from decorations provider vscode.git 300
2023-08-29 12:00:10.026 [warning] [Decorations] CAPPING events from decorations provider vscode.git 300
2023-08-29 12:00:15.159 [warning] [Decorations] CAPPING events from decorations provider vscode.git 300
2023-08-29 12:00:20.260 [warning] [Decorations] CAPPING events from decorations provider vscode.git 300
2023-08-29 12:00:25.325 [warning] [Decorations] CAPPING events from decorations provider vscode.git 300
2023-08-29 12:00:30.424 [warning] [Decorations] CAPPING events from decorations provider vscode.git 300
2023-08-29 12:00:35.574 [warning] [Decorations] CAPPING events from decorations provider vscode.git 300
2023-08-29 12:00:40.675 [warning] [Decorations] CAPPING events from decorations provider vscode.git 300
2023-08-29 12:00:45.783 [warning] [Decorations] CAPPING events from decorations provider vscode.git 300
2023-08-29 12:00:50.899 [warning] [Decorations] CAPPING events from decorations provider vscode.git 300
2023-08-29 12:00:56.004 [warning] [Decorations] CAPPING events from decorations provider vscode.git 300
2023-08-29 12:01:01.162 [warning] [Decorations] CAPPING events from decorations provider vscode.git 300
2023-08-29 12:01:06.423 [warning] [Decorations] CAPPING events from decorations provider vscode.git 300
2023-08-29 12:01:11.533 [warning] [Decorations] CAPPING events from decorations provider vscode.git 300
2023-08-29 12:01:16.741 [warning] [Decorations] CAPPING events from decorations provider vscode.git 300
2023-08-29 12:01:21.844 [warning] [Decorations] CAPPING events from decorations provider vscode.git 300
2023-08-29 12:01:26.907 [warning] [Decorations] CAPPING events from decorations provider vscode.git 300
2023-08-29 12:01:32.016 [warning] [Decorations] CAPPING events from decorations provider vscode.git 300
2023-08-29 12:01:37.084 [warning] [Decorations] CAPPING events from decorations provider vscode.git 300
2023-08-29 12:01:42.229 [warning] [Decorations] CAPPING events from decorations provider vscode.git 300
2023-08-29 12:01:47.290 [warning] [Decorations] CAPPING events from decorations provider vscode.git 300
2023-08-29 12:01:52.356 [warning] [Decorations] CAPPING events from decorations provider vscode.git 300
2023-08-29 12:01:57.525 [warning] [Decorations] CAPPING events from decorations provider vscode.git 300
2023-08-29 12:02:02.644 [warning] [Decorations] CAPPING events from decorations provider vscode.git 300
2023-08-29 12:02:07.786 [warning] [Decorations] CAPPING events from decorations provider vscode.git 300
2023-08-29 12:02:12.860 [warning] [Decorations] CAPPING events from decorations provider vscode.git 300
2023-08-29 12:02:17.990 [warning] [Decorations] CAPPING events from decorations provider vscode.git 300
2023-08-29 12:02:23.155 [warning] [Decorations] CAPPING events from decorations provider vscode.git 300
2023-08-29 12:02:28.307 [warning] [Decorations] CAPPING events from decorations provider vscode.git 300
2023-08-29 12:02:33.398 [warning] [Decorations] CAPPING events from decorations provider vscode.git 300
2023-08-29 12:02:38.600 [warning] [Decorations] CAPPING events from decorations provider vscode.git 300
2023-08-29 12:02:43.774 [warning] [Decorations] CAPPING events from decorations provider vscode.git 300
2023-08-29 12:02:48.855 [warning] [Decorations] CAPPING events from decorations provider vscode.git 300
2023-08-29 12:02:53.997 [warning] [Decorations] CAPPING events from decorations provider vscode.git 300
2023-08-29 12:02:59.130 [warning] [Decorations] CAPPING events from decorations provider vscode.git 300
2023-08-29 12:03:04.285 [warning] [Decorations] CAPPING events from decorations provider vscode.git 300
2023-08-29 12:03:09.425 [warning] [Decorations] CAPPING events from decorations provider vscode.git 300
2023-08-29 12:03:14.506 [warning] [Decorations] CAPPING events from decorations provider vscode.git 300
2023-08-29 12:03:19.646 [warning] [Decorations] CAPPING events from decorations provider vscode.git 300
2023-08-29 12:03:24.787 [warning] [Decorations] CAPPING events from decorations provider vscode.git 300
2023-08-29 12:03:29.928 [warning] [Decorations] CAPPING events from decorations provider vscode.git 300
2023-08-29 12:03:35.079 [warning] [Decorations] CAPPING events from decorations provider vscode.git 300
2023-08-29 12:03:40.217 [warning] [Decorations] CAPPING events from decorations provider vscode.git 300
2023-08-29 12:03:45.301 [warning] [Decorations] CAPPING events from decorations provider vscode.git 300
2023-08-29 12:03:50.436 [warning] [Decorations] CAPPING events from decorations provider vscode.git 300
2023-08-29 12:03:55.612 [warning] [Decorations] CAPPING events from decorations provider vscode.git 300
2023-08-29 12:04:00.769 [warning] [Decorations] CAPPING events from decorations provider vscode.git 300
2023-08-29 12:04:05.964 [warning] [Decorations] CAPPING events from decorations provider vscode.git 300
2023-08-29 12:04:11.119 [warning] [Decorations] CAPPING events from decorations provider vscode.git 300
2023-08-29 12:04:16.257 [warning] [Decorations] CAPPING events from decorations provider vscode.git 300
2023-08-29 12:04:21.344 [warning] [Decorations] CAPPING events from decorations provider vscode.git 300
2023-08-29 12:04:26.415 [warning] [Decorations] CAPPING events from decorations provider vscode.git 300
2023-08-29 12:04:31.548 [warning] [Decorations] CAPPING events from decorations provider vscode.git 300
2023-08-29 12:04:36.708 [warning] [Decorations] CAPPING events from decorations provider vscode.git 300
2023-08-29 12:04:41.793 [warning] [Decorations] CAPPING events from decorations provider vscode.git 300
2023-08-29 12:04:46.861 [warning] [Decorations] CAPPING events from decorations provider vscode.git 300
2023-08-29 12:04:52.000 [warning] [Decorations] CAPPING events from decorations provider vscode.git 300
2023-08-29 12:04:57.177 [warning] [Decorations] CAPPING events from decorations provider vscode.git 300
2023-08-29 12:05:02.312 [warning] [Decorations] CAPPING events from decorations provider vscode.git 300
2023-08-29 12:05:07.507 [warning] [Decorations] CAPPING events from decorations provider vscode.git 300
2023-08-29 12:05:12.668 [warning] [Decorations] CAPPING events from decorations provider vscode.git 300
2023-08-29 12:05:17.729 [warning] [Decorations] CAPPING events from decorations provider vscode.git 300
2023-08-29 12:05:22.797 [warning] [Decorations] CAPPING events from decorations provider vscode.git 300
2023-08-29 12:05:27.900 [warning] [Decorations] CAPPING events from decorations provider vscode.git 300
2023-08-29 12:05:32.975 [warning] [Decorations] CAPPING events from decorations provider vscode.git 300
2023-08-29 12:05:38.045 [warning] [Decorations] CAPPING events from decorations provider vscode.git 300
2023-08-29 12:05:43.166 [warning] [Decorations] CAPPING events from decorations provider vscode.git 300
2023-08-29 12:05:48.294 [warning] [Decorations] CAPPING events from decorations provider vscode.git 300
2023-08-29 12:05:53.414 [warning] [Decorations] CAPPING events from decorations provider vscode.git 300
2023-08-29 12:05:58.497 [warning] [Decorations] CAPPING events from decorations provider vscode.git 300
2023-08-29 12:06:04.113 [warning] [Decorations] CAPPING events from decorations provider vscode.git 300
2023-08-29 12:06:09.182 [warning] [Decorations] CAPPING events from decorations provider vscode.git 300
2023-08-29 12:06:14.246 [warning] [Decorations] CAPPING events from decorations provider vscode.git 300
2023-08-29 12:06:19.473 [warning] [Decorations] CAPPING events from decorations provider vscode.git 300
2023-08-29 12:06:24.591 [warning] [Decorations] CAPPING events from decorations provider vscode.git 300
2023-08-29 12:06:29.765 [warning] [Decorations] CAPPING events from decorations provider vscode.git 300
2023-08-29 12:06:34.913 [warning] [Decorations] CAPPING events from decorations provider vscode.git 300
2023-08-29 12:06:40.053 [warning] [Decorations] CAPPING events from decorations provider vscode.git 300
2023-08-29 12:06:45.153 [warning] [Decorations] CAPPING events from decorations provider vscode.git 300
2023-08-29 12:06:50.328 [warning] [Decorations] CAPPING events from decorations provider vscode.git 300
2023-08-29 12:06:55.484 [warning] [Decorations] CAPPING events from decorations provider vscode.git 300
2023-08-29 12:07:00.578 [warning] [Decorations] CAPPING events from decorations provider vscode.git 300
2023-08-29 12:07:05.647 [warning] [Decorations] CAPPING events from decorations provider vscode.git 300
2023-08-29 12:07:10.786 [warning] [Decorations] CAPPING events from decorations provider vscode.git 300
2023-08-29 12:07:15.929 [warning] [Decorations] CAPPING events from decorations provider vscode.git 300
2023-08-29 12:07:21.368 [warning] [Decorations] CAPPING events from decorations provider vscode.git 300
2023-08-29 12:07:26.493 [warning] [Decorations] CAPPING events from decorations provider vscode.git 300
2023-08-29 12:07:31.572 [warning] [Decorations] CAPPING events from decorations provider vscode.git 300
2023-08-29 12:07:36.739 [warning] [Decorations] CAPPING events from decorations provider vscode.git 300
2023-08-29 12:07:41.872 [warning] [Decorations] CAPPING events from decorations provider vscode.git 300
2023-08-29 12:07:46.946 [warning] [Decorations] CAPPING events from decorations provider vscode.git 300
2023-08-29 12:07:52.097 [warning] [Decorations] CAPPING events from decorations provider vscode.git 300
2023-08-29 12:07:57.196 [warning] [Decorations] CAPPING events from decorations provider vscode.git 300
2023-08-29 12:08:02.294 [warning] [Decorations] CAPPING events from decorations provider vscode.git 300
2023-08-29 12:08:07.354 [warning] [Decorations] CAPPING events from decorations provider vscode.git 300
2023-08-29 12:08:12.427 [warning] [Decorations] CAPPING events from decorations provider vscode.git 300
2023-08-29 12:08:17.514 [info] ExtensionService#_doActivateExtension onecentlin.laravel-blade, startup: false, activationEvent: 'onLanguage:blade'
2023-08-29 12:08:19.819 [warning] [Decorations] CAPPING events from decorations provider vscode.git 300
2023-08-29 12:08:24.952 [warning] [Decorations] CAPPING events from decorations provider vscode.git 301
2023-08-29 12:08:30.058 [warning] [Decorations] CAPPING events from decorations provider vscode.git 302
2023-08-29 12:08:35.132 [warning] [Decorations] CAPPING events from decorations provider vscode.git 302
2023-08-29 12:08:40.224 [warning] [Decorations] CAPPING events from decorations provider vscode.git 302
2023-08-29 12:08:45.373 [warning] [Decorations] CAPPING events from decorations provider vscode.git 304
2023-08-29 12:08:54.693 [warning] [Decorations] CAPPING events from decorations provider vscode.git 304
2023-08-29 12:08:59.765 [warning] [Decorations] CAPPING events from decorations provider vscode.git 305
2023-08-29 12:09:04.831 [warning] [Decorations] CAPPING events from decorations provider vscode.git 305
2023-08-29 12:09:09.995 [warning] [Decorations] CAPPING events from decorations provider vscode.git 305
2023-08-29 12:09:34.306 [warning] [Decorations] CAPPING events from decorations provider vscode.git 306
2023-08-29 12:09:39.425 [warning] [Decorations] CAPPING events from decorations provider vscode.git 305
2023-08-29 12:09:44.786 [warning] [Decorations] CAPPING events from decorations provider vscode.git 305
2023-08-29 12:09:49.879 [warning] [Decorations] CAPPING events from decorations provider vscode.git 305
2023-08-29 12:09:54.943 [warning] [Decorations] CAPPING events from decorations provider vscode.git 305
2023-08-29 12:10:00.330 [warning] [Decorations] CAPPING events from decorations provider vscode.git 305
2023-08-29 12:10:05.446 [warning] [Decorations] CAPPING events from decorations provider vscode.git 306
2023-08-29 12:10:10.533 [warning] [Decorations] CAPPING events from decorations provider vscode.git 306
2023-08-29 12:10:15.604 [warning] [Decorations] CAPPING events from decorations provider vscode.git 306
2023-08-29 12:10:20.720 [warning] [Decorations] CAPPING events from decorations provider vscode.git 306
2023-08-29 12:10:26.026 [warning] [Decorations] CAPPING events from decorations provider vscode.git 306
2023-08-29 12:10:31.579 [warning] [Decorations] CAPPING events from decorations provider vscode.git 307
2023-08-29 12:10:36.676 [warning] [Decorations] CAPPING events from decorations provider vscode.git 307
2023-08-29 12:10:41.762 [warning] [Decorations] CAPPING events from decorations provider vscode.git 307
2023-08-29 12:10:47.613 [warning] [Decorations] CAPPING events from decorations provider vscode.git 307
2023-08-29 12:10:53.355 [warning] [Decorations] CAPPING events from decorations provider vscode.git 314
2023-08-29 12:10:58.511 [warning] [Decorations] CAPPING events from decorations provider vscode.git 316
2023-08-29 12:11:03.580 [warning] [Decorations] CAPPING events from decorations provider vscode.git 316
2023-08-29 12:11:08.861 [warning] [Decorations] CAPPING events from decorations provider vscode.git 316
2023-08-29 12:11:14.096 [warning] [Decorations] CAPPING events from decorations provider vscode.git 316
2023-08-29 12:11:19.169 [warning] [Decorations] CAPPING events from decorations provider vscode.git 316
2023-08-29 12:11:24.248 [warning] [Decorations] CAPPING events from decorations provider vscode.git 316
2023-08-29 12:11:29.338 [warning] [Decorations] CAPPING events from decorations provider vscode.git 316
2023-08-29 12:11:34.413 [warning] [Decorations] CAPPING events from decorations provider vscode.git 316
2023-08-29 12:11:39.751 [warning] [Decorations] CAPPING events from decorations provider vscode.git 316
2023-08-29 12:11:45.035 [warning] [Decorations] CAPPING events from decorations provider vscode.git 316
2023-08-29 12:11:50.255 [warning] [Decorations] CAPPING events from decorations provider vscode.git 317
2023-08-29 12:11:55.536 [warning] [Decorations] CAPPING events from decorations provider vscode.git 316
2023-08-29 12:12:00.615 [warning] [Decorations] CAPPING events from decorations provider vscode.git 316
2023-08-29 12:12:05.680 [warning] [Decorations] CAPPING events from decorations provider vscode.git 316
2023-08-29 12:12:10.757 [warning] [Decorations] CAPPING events from decorations provider vscode.git 316
2023-08-29 12:12:15.826 [warning] [Decorations] CAPPING events from decorations provider vscode.git 316
2023-08-29 12:12:20.915 [warning] [Decorations] CAPPING events from decorations provider vscode.git 316
2023-08-29 12:12:25.995 [warning] [Decorations] CAPPING events from decorations provider vscode.git 316
2023-08-29 12:12:31.081 [warning] [Decorations] CAPPING events from decorations provider vscode.git 316
2023-08-29 12:12:36.420 [warning] [Decorations] CAPPING events from decorations provider vscode.git 316
2023-08-29 12:12:42.177 [warning] [Decorations] CAPPING events from decorations provider vscode.git 318
2023-08-29 12:12:47.567 [warning] [Decorations] CAPPING events from decorations provider vscode.git 319
2023-08-29 12:12:53.003 [warning] [Decorations] CAPPING events from decorations provider vscode.git 322
2023-08-29 12:12:58.477 [warning] [Decorations] CAPPING events from decorations provider vscode.git 322
2023-08-29 12:13:04.057 [warning] [Decorations] CAPPING events from decorations provider vscode.git 323
2023-08-29 12:13:09.466 [warning] [Decorations] CAPPING events from decorations provider vscode.git 322
2023-08-29 12:13:10.424 [info] ExtensionService#_doActivateExtension bmewburn.vscode-intelephense-client, startup: false, activationEvent: 'onLanguage:php'
2023-08-29 12:13:14.751 [warning] [Decorations] CAPPING events from decorations provider vscode.git 330
2023-08-29 12:13:20.362 [warning] [Decorations] CAPPING events from decorations provider vscode.git 330
2023-08-29 12:13:25.927 [warning] [Decorations] CAPPING events from decorations provider vscode.git 331
2023-08-29 12:13:31.741 [warning] [Decorations] CAPPING events from decorations provider vscode.git 337
2023-08-29 12:13:37.694 [warning] [Decorations] CAPPING events from decorations provider vscode.git 337
2023-08-29 12:13:43.605 [warning] [Decorations] CAPPING events from decorations provider vscode.git 338
2023-08-29 12:13:49.368 [warning] [Decorations] CAPPING events from decorations provider vscode.git 338
2023-08-29 12:13:55.038 [warning] [Decorations] CAPPING events from decorations provider vscode.git 342
2023-08-29 12:14:01.003 [warning] [Decorations] CAPPING events from decorations provider vscode.git 342
2023-08-29 12:14:08.890 [warning] [Decorations] CAPPING events from decorations provider vscode.git 341
2023-08-29 12:14:10.018 [info] ExtensionService#_doActivateExtension codingyu.laravel-goto-view, startup: false, activationEvent: 'onLanguage:php'
2023-08-29 12:14:14.429 [warning] [Decorations] CAPPING events from decorations provider vscode.git 358
2023-08-29 12:14:19.830 [warning] [Decorations] CAPPING events from decorations provider vscode.git 360
2023-08-29 12:14:25.520 [warning] [Decorations] CAPPING events from decorations provider vscode.git 364
2023-08-29 12:14:30.722 [warning] [Decorations] CAPPING events from decorations provider vscode.git 364
2023-08-29 12:14:36.039 [warning] [Decorations] CAPPING events from decorations provider vscode.git 364
2023-08-29 12:14:41.411 [warning] [Decorations] CAPPING events from decorations provider vscode.git 364
2023-08-29 12:14:46.788 [warning] [Decorations] CAPPING events from decorations provider vscode.git 364
2023-08-29 12:14:52.059 [warning] [Decorations] CAPPING events from decorations provider vscode.git 364
2023-08-29 12:14:57.306 [warning] [Decorations] CAPPING events from decorations provider vscode.git 364
2023-08-29 12:15:02.534 [warning] [Decorations] CAPPING events from decorations provider vscode.git 364
2023-08-29 12:15:07.643 [warning] [Decorations] CAPPING events from decorations provider vscode.git 364
2023-08-29 12:15:12.730 [warning] [Decorations] CAPPING events from decorations provider vscode.git 372
2023-08-29 12:15:18.092 [warning] [Decorations] CAPPING events from decorations provider vscode.git 372
2023-08-29 12:15:23.240 [warning] [Decorations] CAPPING events from decorations provider vscode.git 372
2023-08-29 12:15:28.353 [warning] [Decorations] CAPPING events from decorations provider vscode.git 372
2023-08-29 12:15:33.522 [warning] [Decorations] CAPPING events from decorations provider vscode.git 372
2023-08-29 12:15:38.766 [warning] [Decorations] CAPPING events from decorations provider vscode.git 372
2023-08-29 12:15:44.113 [warning] [Decorations] CAPPING events from decorations provider vscode.git 372
2023-08-29 12:15:49.391 [warning] [Decorations] CAPPING events from decorations provider vscode.git 373
2023-08-29 12:15:54.606 [warning] [Decorations] CAPPING events from decorations provider vscode.git 372
2023-08-29 12:15:59.682 [warning] [Decorations] CAPPING events from decorations provider vscode.git 373
2023-08-29 12:16:18.767 [warning] [Decorations] CAPPING events from decorations provider vscode.git 373
2023-08-29 12:16:24.135 [warning] [Decorations] CAPPING events from decorations provider vscode.git 373
2023-08-29 12:16:29.273 [warning] [Decorations] CAPPING events from decorations provider vscode.git 373
2023-08-29 12:16:34.448 [warning] [Decorations] CAPPING events from decorations provider vscode.git 373
2023-08-29 12:16:40.349 [warning] [Decorations] CAPPING events from decorations provider vscode.git 373
2023-08-29 12:16:45.710 [warning] [Decorations] CAPPING events from decorations provider vscode.git 375
2023-08-29 12:16:51.015 [warning] [Decorations] CAPPING events from decorations provider vscode.git 374
2023-08-29 12:16:56.141 [warning] [Decorations] CAPPING events from decorations provider vscode.git 373
2023-08-29 12:17:01.222 [warning] [Decorations] CAPPING events from decorations provider vscode.git 373
2023-08-29 12:17:06.304 [warning] [Decorations] CAPPING events from decorations provider vscode.git 373
2023-08-29 12:17:11.401 [warning] [Decorations] CAPPING events from decorations provider vscode.git 374
2023-08-29 12:18:10.383 [warning] [Decorations] CAPPING events from decorations provider vscode.git 374
2023-08-29 12:18:15.591 [warning] [Decorations] CAPPING events from decorations provider vscode.git 374
2023-08-29 12:18:20.810 [warning] [Decorations] CAPPING events from decorations provider vscode.git 375
2023-08-29 12:18:25.968 [warning] [Decorations] CAPPING events from decorations provider vscode.git 375
2023-08-29 12:18:31.273 [warning] [Decorations] CAPPING events from decorations provider vscode.git 375
2023-08-29 12:18:36.465 [warning] [Decorations] CAPPING events from decorations provider vscode.git 375
2023-08-29 12:18:41.550 [warning] [Decorations] CAPPING events from decorations provider vscode.git 375
2023-08-29 12:20:21.353 [warning] [Decorations] CAPPING events from decorations provider vscode.git 375
2023-08-29 12:20:26.445 [warning] [Decorations] CAPPING events from decorations provider vscode.git 375
2023-08-29 12:20:31.713 [warning] [Decorations] CAPPING events from decorations provider vscode.git 375
2023-08-29 12:20:36.802 [warning] [Decorations] CAPPING events from decorations provider vscode.git 375
2023-08-29 12:20:49.273 [warning] [Decorations] CAPPING events from decorations provider vscode.git 377
2023-08-29 12:20:54.482 [warning] [Decorations] CAPPING events from decorations provider vscode.git 377
2023-08-29 12:20:59.557 [warning] [Decorations] CAPPING events from decorations provider vscode.git 377
2023-08-29 12:21:04.649 [warning] [Decorations] CAPPING events from decorations provider vscode.git 377
2023-08-29 12:21:09.802 [warning] [Decorations] CAPPING events from decorations provider vscode.git 377
2023-08-29 12:21:14.971 [warning] [Decorations] CAPPING events from decorations provider vscode.git 377
2023-08-29 12:21:20.070 [warning] [Decorations] CAPPING events from decorations provider vscode.git 377
2023-08-29 12:21:25.346 [warning] [Decorations] CAPPING events from decorations provider vscode.git 377
2023-08-29 12:27:58.275 [warning] [Decorations] CAPPING events from decorations provider vscode.git 377
2023-08-29 12:28:03.465 [warning] [Decorations] CAPPING events from decorations provider vscode.git 377
2023-08-29 12:28:08.534 [warning] [Decorations] CAPPING events from decorations provider vscode.git 377
2023-08-29 12:28:13.719 [warning] [Decorations] CAPPING events from decorations provider vscode.git 377
2023-08-29 12:28:19.038 [warning] [Decorations] CAPPING events from decorations provider vscode.git 377
2023-08-29 12:28:24.187 [warning] [Decorations] CAPPING events from decorations provider vscode.git 377
2023-08-29 12:28:29.428 [warning] [Decorations] CAPPING events from decorations provider vscode.git 377
2023-08-29 12:28:34.711 [warning] [Decorations] CAPPING events from decorations provider vscode.git 377
2023-08-29 12:28:39.901 [warning] [Decorations] CAPPING events from decorations provider vscode.git 377
2023-08-29 12:28:44.995 [warning] [Decorations] CAPPING events from decorations provider vscode.git 377
2023-08-29 12:28:50.093 [warning] [Decorations] CAPPING events from decorations provider vscode.git 377
2023-08-29 12:28:55.181 [warning] [Decorations] CAPPING events from decorations provider vscode.git 377
2023-08-29 12:29:00.272 [warning] [Decorations] CAPPING events from decorations provider vscode.git 377
2023-08-29 12:29:05.349 [warning] [Decorations] CAPPING events from decorations provider vscode.git 377
2023-08-29 12:29:10.424 [warning] [Decorations] CAPPING events from decorations provider vscode.git 377
2023-08-29 12:29:15.512 [warning] [Decorations] CAPPING events from decorations provider vscode.git 377
2023-08-29 12:29:20.592 [warning] [Decorations] CAPPING events from decorations provider vscode.git 377
2023-08-29 12:29:25.676 [warning] [Decorations] CAPPING events from decorations provider vscode.git 377
2023-08-29 12:29:30.767 [warning] [Decorations] CAPPING events from decorations provider vscode.git 377
2023-08-29 12:29:35.861 [warning] [Decorations] CAPPING events from decorations provider vscode.git 377
2023-08-29 12:29:40.923 [warning] [Decorations] CAPPING events from decorations provider vscode.git 377
2023-08-29 12:29:45.996 [warning] [Decorations] CAPPING events from decorations provider vscode.git 377
2023-08-29 12:29:51.262 [warning] [Decorations] CAPPING events from decorations provider vscode.git 377
2023-08-29 12:29:56.357 [warning] [Decorations] CAPPING events from decorations provider vscode.git 377
2023-08-29 12:30:01.530 [warning] [Decorations] CAPPING events from decorations provider vscode.git 377
2023-08-29 12:30:06.854 [warning] [Decorations] CAPPING events from decorations provider vscode.git 377
2023-08-29 12:30:11.938 [warning] [Decorations] CAPPING events from decorations provider vscode.git 377
2023-08-29 12:47:52.624 [warning] [Decorations] CAPPING events from decorations provider vscode.git 377
2023-08-29 12:48:22.286 [warning] [Decorations] CAPPING events from decorations provider vscode.git 377
2023-08-29 12:48:27.505 [warning] [Decorations] CAPPING events from decorations provider vscode.git 377
2023-08-29 12:48:32.614 [warning] [Decorations] CAPPING events from decorations provider vscode.git 377
2023-08-29 12:48:37.693 [warning] [Decorations] CAPPING events from decorations provider vscode.git 377
2023-08-29 12:48:42.765 [warning] [Decorations] CAPPING events from decorations provider vscode.git 377
2023-08-29 12:48:47.860 [warning] [Decorations] CAPPING events from decorations provider vscode.git 377
2023-08-29 12:48:52.935 [warning] [Decorations] CAPPING events from decorations provider vscode.git 377
2023-08-29 12:48:58.022 [warning] [Decorations] CAPPING events from decorations provider vscode.git 377
2023-08-29 12:49:03.091 [warning] [Decorations] CAPPING events from decorations provider vscode.git 377
2023-08-29 12:49:08.166 [warning] [Decorations] CAPPING events from decorations provider vscode.git 377
2023-08-29 12:49:13.248 [warning] [Decorations] CAPPING events from decorations provider vscode.git 377
2023-08-29 12:49:18.322 [warning] [Decorations] CAPPING events from decorations provider vscode.git 377
2023-08-29 12:49:23.393 [warning] [Decorations] CAPPING events from decorations provider vscode.git 377
2023-08-29 12:49:28.461 [warning] [Decorations] CAPPING events from decorations provider vscode.git 377
2023-08-29 12:49:33.532 [warning] [Decorations] CAPPING events from decorations provider vscode.git 377
2023-08-29 12:49:38.602 [warning] [Decorations] CAPPING events from decorations provider vscode.git 377
2023-08-29 12:49:43.673 [warning] [Decorations] CAPPING events from decorations provider vscode.git 377
2023-08-29 12:49:48.737 [warning] [Decorations] CAPPING events from decorations provider vscode.git 377
2023-08-29 12:49:53.843 [warning] [Decorations] CAPPING events from decorations provider vscode.git 377
2023-08-29 12:49:58.918 [warning] [Decorations] CAPPING events from decorations provider vscode.git 377
2023-08-29 12:50:03.988 [warning] [Decorations] CAPPING events from decorations provider vscode.git 377
2023-08-29 12:50:09.053 [warning] [Decorations] CAPPING events from decorations provider vscode.git 377
2023-08-29 12:50:14.117 [warning] [Decorations] CAPPING events from decorations provider vscode.git 377
2023-08-29 12:50:19.195 [warning] [Decorations] CAPPING events from decorations provider vscode.git 377
2023-08-29 12:50:24.314 [warning] [Decorations] CAPPING events from decorations provider vscode.git 377
2023-08-29 12:50:29.383 [warning] [Decorations] CAPPING events from decorations provider vscode.git 377
2023-08-29 12:50:34.450 [warning] [Decorations] CAPPING events from decorations provider vscode.git 377
2023-08-29 12:50:39.518 [warning] [Decorations] CAPPING events from decorations provider vscode.git 377
2023-08-29 12:50:44.587 [warning] [Decorations] CAPPING events from decorations provider vscode.git 377
2023-08-29 12:50:49.664 [warning] [Decorations] CAPPING events from decorations provider vscode.git 377
2023-08-29 12:50:54.732 [warning] [Decorations] CAPPING events from decorations provider vscode.git 377
2023-08-29 12:50:59.818 [warning] [Decorations] CAPPING events from decorations provider vscode.git 377
2023-08-29 12:51:04.898 [warning] [Decorations] CAPPING events from decorations provider vscode.git 377
2023-08-29 12:51:09.966 [warning] [Decorations] CAPPING events from decorations provider vscode.git 377
2023-08-29 12:51:15.064 [warning] [Decorations] CAPPING events from decorations provider vscode.git 377
2023-08-29 12:51:20.135 [warning] [Decorations] CAPPING events from decorations provider vscode.git 377
2023-08-29 12:51:25.221 [warning] [Decorations] CAPPING events from decorations provider vscode.git 377
2023-08-29 12:51:30.337 [warning] [Decorations] CAPPING events from decorations provider vscode.git 377
2023-08-29 12:51:35.416 [warning] [Decorations] CAPPING events from decorations provider vscode.git 377
2023-08-29 12:51:40.491 [warning] [Decorations] CAPPING events from decorations provider vscode.git 377
2023-08-29 12:51:45.559 [warning] [Decorations] CAPPING events from decorations provider vscode.git 377
2023-08-29 12:51:50.635 [warning] [Decorations] CAPPING events from decorations provider vscode.git 377
2023-08-29 12:51:55.713 [warning] [Decorations] CAPPING events from decorations provider vscode.git 377
2023-08-29 12:52:00.788 [warning] [Decorations] CAPPING events from decorations provider vscode.git 377
2023-08-29 12:52:05.862 [warning] [Decorations] CAPPING events from decorations provider vscode.git 377
2023-08-29 12:52:10.929 [warning] [Decorations] CAPPING events from decorations provider vscode.git 377
2023-08-29 12:52:16.008 [warning] [Decorations] CAPPING events from decorations provider vscode.git 377
2023-08-29 12:52:21.096 [warning] [Decorations] CAPPING events from decorations provider vscode.git 377
2023-08-29 12:52:26.168 [warning] [Decorations] CAPPING events from decorations provider vscode.git 377
2023-08-29 12:52:31.238 [warning] [Decorations] CAPPING events from decorations provider vscode.git 377
2023-08-29 12:52:36.313 [warning] [Decorations] CAPPING events from decorations provider vscode.git 377
2023-08-29 12:52:41.410 [warning] [Decorations] CAPPING events from decorations provider vscode.git 377
2023-08-29 12:52:46.474 [warning] [Decorations] CAPPING events from decorations provider vscode.git 377
2023-08-29 12:52:51.556 [warning] [Decorations] CAPPING events from decorations provider vscode.git 377
2023-08-29 12:52:56.623 [warning] [Decorations] CAPPING events from decorations provider vscode.git 377
2023-08-29 12:53:01.698 [warning] [Decorations] CAPPING events from decorations provider vscode.git 377
2023-08-29 12:53:06.768 [warning] [Decorations] CAPPING events from decorations provider vscode.git 377
2023-08-29 12:53:11.836 [warning] [Decorations] CAPPING events from decorations provider vscode.git 377
2023-08-29 12:53:16.908 [warning] [Decorations] CAPPING events from decorations provider vscode.git 377
2023-08-29 12:53:21.975 [warning] [Decorations] CAPPING events from decorations provider vscode.git 377
2023-08-29 12:53:27.041 [warning] [Decorations] CAPPING events from decorations provider vscode.git 377
2023-08-29 12:53:32.110 [warning] [Decorations] CAPPING events from decorations provider vscode.git 377
2023-08-29 12:53:37.180 [warning] [Decorations] CAPPING events from decorations provider vscode.git 377
2023-08-29 12:53:42.262 [warning] [Decorations] CAPPING events from decorations provider vscode.git 377
2023-08-29 12:53:47.345 [warning] [Decorations] CAPPING events from decorations provider vscode.git 377
2023-08-29 12:53:52.449 [warning] [Decorations] CAPPING events from decorations provider vscode.git 377
2023-08-29 12:53:57.529 [warning] [Decorations] CAPPING events from decorations provider vscode.git 377
2023-08-29 12:54:02.610 [warning] [Decorations] CAPPING events from decorations provider vscode.git 377
2023-08-29 12:54:07.694 [warning] [Decorations] CAPPING events from decorations provider vscode.git 377
2023-08-29 12:54:12.766 [warning] [Decorations] CAPPING events from decorations provider vscode.git 377
2023-08-29 12:54:17.857 [warning] [Decorations] CAPPING events from decorations provider vscode.git 377
2023-08-29 12:54:22.968 [warning] [Decorations] CAPPING events from decorations provider vscode.git 377
2023-08-29 12:54:28.075 [warning] [Decorations] CAPPING events from decorations provider vscode.git 377
2023-08-29 12:54:33.159 [warning] [Decorations] CAPPING events from decorations provider vscode.git 377
2023-08-29 12:54:38.240 [warning] [Decorations] CAPPING events from decorations provider vscode.git 377
2023-08-29 12:54:43.327 [warning] [Decorations] CAPPING events from decorations provider vscode.git 377
2023-08-29 12:54:48.407 [warning] [Decorations] CAPPING events from decorations provider vscode.git 377
2023-08-29 12:54:53.493 [warning] [Decorations] CAPPING events from decorations provider vscode.git 377
2023-08-29 12:54:58.579 [warning] [Decorations] CAPPING events from decorations provider vscode.git 377
2023-08-29 12:55:03.669 [warning] [Decorations] CAPPING events from decorations provider vscode.git 377
2023-08-29 12:55:08.763 [warning] [Decorations] CAPPING events from decorations provider vscode.git 377
2023-08-29 12:55:13.837 [warning] [Decorations] CAPPING events from decorations provider vscode.git 377
2023-08-29 12:55:18.928 [warning] [Decorations] CAPPING events from decorations provider vscode.git 377
2023-08-29 12:55:24.004 [warning] [Decorations] CAPPING events from decorations provider vscode.git 377
2023-08-29 12:55:29.093 [warning] [Decorations] CAPPING events from decorations provider vscode.git 377
2023-08-29 12:55:34.185 [warning] [Decorations] CAPPING events from decorations provider vscode.git 377
2023-08-29 12:55:39.269 [warning] [Decorations] CAPPING events from decorations provider vscode.git 377
2023-08-29 12:55:44.367 [warning] [Decorations] CAPPING events from decorations provider vscode.git 377
2023-08-29 12:55:49.479 [warning] [Decorations] CAPPING events from decorations provider vscode.git 377
2023-08-29 12:55:54.559 [warning] [Decorations] CAPPING events from decorations provider vscode.git 377
2023-08-29 12:55:59.644 [warning] [Decorations] CAPPING events from decorations provider vscode.git 377
2023-08-29 12:56:04.741 [warning] [Decorations] CAPPING events from decorations provider vscode.git 377
2023-08-29 12:56:09.836 [warning] [Decorations] CAPPING events from decorations provider vscode.git 377
2023-08-29 12:56:14.921 [warning] [Decorations] CAPPING events from decorations provider vscode.git 377
2023-08-29 12:56:19.995 [warning] [Decorations] CAPPING events from decorations provider vscode.git 377
2023-08-29 12:56:25.076 [warning] [Decorations] CAPPING events from decorations provider vscode.git 377
2023-08-29 12:56:30.185 [warning] [Decorations] CAPPING events from decorations provider vscode.git 377
2023-08-29 12:56:35.276 [warning] [Decorations] CAPPING events from decorations provider vscode.git 377
2023-08-29 12:56:40.357 [warning] [Decorations] CAPPING events from decorations provider vscode.git 377
2023-08-29 12:56:45.473 [warning] [Decorations] CAPPING events from decorations provider vscode.git 377
2023-08-29 12:56:50.572 [warning] [Decorations] CAPPING events from decorations provider vscode.git 377
2023-08-29 12:56:55.661 [warning] [Decorations] CAPPING events from decorations provider vscode.git 377
2023-08-29 12:57:00.767 [warning] [Decorations] CAPPING events from decorations provider vscode.git 377
2023-08-29 12:57:05.858 [warning] [Decorations] CAPPING events from decorations provider vscode.git 377
2023-08-29 12:57:10.939 [warning] [Decorations] CAPPING events from decorations provider vscode.git 377
2023-08-29 12:57:16.013 [warning] [Decorations] CAPPING events from decorations provider vscode.git 377
2023-08-29 12:57:21.089 [warning] [Decorations] CAPPING events from decorations provider vscode.git 377
2023-08-29 12:57:26.172 [warning] [Decorations] CAPPING events from decorations provider vscode.git 377
2023-08-29 12:57:31.252 [warning] [Decorations] CAPPING events from decorations provider vscode.git 377
2023-08-29 12:57:36.323 [warning] [Decorations] CAPPING events from decorations provider vscode.git 377
2023-08-29 12:57:41.429 [warning] [Decorations] CAPPING events from decorations provider vscode.git 377
2023-08-29 12:57:46.504 [warning] [Decorations] CAPPING events from decorations provider vscode.git 377
2023-08-29 12:57:51.569 [warning] [Decorations] CAPPING events from decorations provider vscode.git 377
2023-08-29 12:57:56.634 [warning] [Decorations] CAPPING events from decorations provider vscode.git 377
2023-08-29 12:58:01.703 [warning] [Decorations] CAPPING events from decorations provider vscode.git 377
2023-08-29 12:58:06.784 [warning] [Decorations] CAPPING events from decorations provider vscode.git 377
2023-08-29 12:58:11.868 [warning] [Decorations] CAPPING events from decorations provider vscode.git 377
2023-08-29 12:58:16.971 [warning] [Decorations] CAPPING events from decorations provider vscode.git 377
2023-08-29 12:58:22.053 [warning] [Decorations] CAPPING events from decorations provider vscode.git 377
2023-08-29 12:58:27.124 [warning] [Decorations] CAPPING events from decorations provider vscode.git 377
2023-08-29 12:58:32.198 [warning] [Decorations] CAPPING events from decorations provider vscode.git 377
2023-08-29 12:58:37.282 [warning] [Decorations] CAPPING events from decorations provider vscode.git 377
2023-08-29 12:58:43.259 [warning] [Decorations] CAPPING events from decorations provider vscode.git 377
2023-08-29 12:58:48.326 [warning] [Decorations] CAPPING events from decorations provider vscode.git 377
2023-08-29 12:58:53.394 [warning] [Decorations] CAPPING events from decorations provider vscode.git 377
2023-08-29 12:58:58.466 [warning] [Decorations] CAPPING events from decorations provider vscode.git 377
2023-08-29 12:59:03.536 [warning] [Decorations] CAPPING events from decorations provider vscode.git 377
2023-08-29 12:59:08.611 [warning] [Decorations] CAPPING events from decorations provider vscode.git 377
2023-08-29 12:59:13.677 [warning] [Decorations] CAPPING events from decorations provider vscode.git 377
2023-08-29 12:59:18.747 [warning] [Decorations] CAPPING events from decorations provider vscode.git 377
2023-08-29 12:59:23.845 [warning] [Decorations] CAPPING events from decorations provider vscode.git 377
2023-08-29 12:59:28.917 [warning] [Decorations] CAPPING events from decorations provider vscode.git 377
2023-08-29 12:59:33.986 [warning] [Decorations] CAPPING events from decorations provider vscode.git 377
2023-08-29 12:59:39.069 [warning] [Decorations] CAPPING events from decorations provider vscode.git 377
2023-08-29 12:59:44.135 [warning] [Decorations] CAPPING events from decorations provider vscode.git 377
2023-08-29 12:59:49.203 [warning] [Decorations] CAPPING events from decorations provider vscode.git 377
2023-08-29 12:59:54.273 [warning] [Decorations] CAPPING events from decorations provider vscode.git 377
2023-08-29 12:59:59.354 [warning] [Decorations] CAPPING events from decorations provider vscode.git 377
2023-08-29 13:00:04.420 [warning] [Decorations] CAPPING events from decorations provider vscode.git 377
2023-08-29 13:00:09.495 [warning] [Decorations] CAPPING events from decorations provider vscode.git 377
2023-08-29 13:00:14.561 [warning] [Decorations] CAPPING events from decorations provider vscode.git 377
2023-08-29 13:00:19.628 [warning] [Decorations] CAPPING events from decorations provider vscode.git 377
2023-08-29 13:00:24.702 [warning] [Decorations] CAPPING events from decorations provider vscode.git 377
2023-08-29 13:00:29.782 [warning] [Decorations] CAPPING events from decorations provider vscode.git 377
2023-08-29 13:00:34.906 [warning] [Decorations] CAPPING events from decorations provider vscode.git 377
2023-08-29 13:00:39.983 [warning] [Decorations] CAPPING events from decorations provider vscode.git 377
2023-08-29 13:00:45.056 [warning] [Decorations] CAPPING events from decorations provider vscode.git 377
2023-08-29 13:00:50.133 [warning] [Decorations] CAPPING events from decorations provider vscode.git 377
2023-08-29 13:00:55.203 [warning] [Decorations] CAPPING events from decorations provider vscode.git 377
2023-08-29 13:01:00.280 [warning] [Decorations] CAPPING events from decorations provider vscode.git 377
2023-08-29 13:01:05.361 [warning] [Decorations] CAPPING events from decorations provider vscode.git 377
2023-08-29 13:01:10.441 [warning] [Decorations] CAPPING events from decorations provider vscode.git 377
2023-08-29 13:01:15.506 [warning] [Decorations] CAPPING events from decorations provider vscode.git 377
2023-08-29 13:01:20.583 [warning] [Decorations] CAPPING events from decorations provider vscode.git 377
2023-08-29 13:01:25.655 [warning] [Decorations] CAPPING events from decorations provider vscode.git 377
2023-08-29 13:01:30.720 [warning] [Decorations] CAPPING events from decorations provider vscode.git 377
2023-08-29 13:01:35.796 [warning] [Decorations] CAPPING events from decorations provider vscode.git 377
2023-08-29 13:01:40.862 [warning] [Decorations] CAPPING events from decorations provider vscode.git 377
2023-08-29 13:01:45.934 [warning] [Decorations] CAPPING events from decorations provider vscode.git 377
2023-08-29 13:01:51.012 [warning] [Decorations] CAPPING events from decorations provider vscode.git 377
2023-08-29 13:01:56.104 [warning] [Decorations] CAPPING events from decorations provider vscode.git 377
2023-08-29 13:02:01.182 [warning] [Decorations] CAPPING events from decorations provider vscode.git 377
2023-08-29 13:02:06.248 [warning] [Decorations] CAPPING events from decorations provider vscode.git 377
2023-08-29 13:02:11.323 [warning] [Decorations] CAPPING events from decorations provider vscode.git 377
2023-08-29 13:02:16.422 [warning] [Decorations] CAPPING events from decorations provider vscode.git 377
2023-08-29 13:02:21.514 [warning] [Decorations] CAPPING events from decorations provider vscode.git 377
2023-08-29 13:02:26.585 [warning] [Decorations] CAPPING events from decorations provider vscode.git 377
2023-08-29 13:02:31.688 [warning] [Decorations] CAPPING events from decorations provider vscode.git 377
2023-08-29 13:02:36.766 [warning] [Decorations] CAPPING events from decorations provider vscode.git 377
2023-08-29 13:02:41.850 [warning] [Decorations] CAPPING events from decorations provider vscode.git 377
2023-08-29 13:02:46.936 [warning] [Decorations] CAPPING events from decorations provider vscode.git 377
2023-08-29 13:02:52.025 [warning] [Decorations] CAPPING events from decorations provider vscode.git 377
2023-08-29 13:02:57.096 [warning] [Decorations] CAPPING events from decorations provider vscode.git 377
2023-08-29 13:03:02.174 [warning] [Decorations] CAPPING events from decorations provider vscode.git 377
2023-08-29 13:03:07.244 [warning] [Decorations] CAPPING events from decorations provider vscode.git 377
2023-08-29 13:03:12.337 [warning] [Decorations] CAPPING events from decorations provider vscode.git 377
2023-08-29 13:03:17.417 [warning] [Decorations] CAPPING events from decorations provider vscode.git 377
2023-08-29 13:03:22.481 [warning] [Decorations] CAPPING events from decorations provider vscode.git 377
2023-08-29 13:03:27.557 [warning] [Decorations] CAPPING events from decorations provider vscode.git 377
2023-08-29 13:03:32.629 [warning] [Decorations] CAPPING events from decorations provider vscode.git 377
2023-08-29 13:03:37.702 [warning] [Decorations] CAPPING events from decorations provider vscode.git 377
2023-08-29 13:03:42.801 [warning] [Decorations] CAPPING events from decorations provider vscode.git 377
2023-08-29 13:03:47.891 [warning] [Decorations] CAPPING events from decorations provider vscode.git 377
2023-08-29 13:03:52.968 [warning] [Decorations] CAPPING events from decorations provider vscode.git 377
2023-08-29 13:03:58.044 [warning] [Decorations] CAPPING events from decorations provider vscode.git 377
2023-08-29 13:04:03.125 [warning] [Decorations] CAPPING events from decorations provider vscode.git 377
2023-08-29 13:04:08.191 [warning] [Decorations] CAPPING events from decorations provider vscode.git 377
2023-08-29 13:04:13.286 [warning] [Decorations] CAPPING events from decorations provider vscode.git 377
2023-08-29 13:04:18.392 [warning] [Decorations] CAPPING events from decorations provider vscode.git 377
2023-08-29 13:04:23.463 [warning] [Decorations] CAPPING events from decorations provider vscode.git 377
2023-08-29 13:04:28.540 [warning] [Decorations] CAPPING events from decorations provider vscode.git 377
2023-08-29 13:04:33.622 [warning] [Decorations] CAPPING events from decorations provider vscode.git 377
2023-08-29 13:04:38.704 [warning] [Decorations] CAPPING events from decorations provider vscode.git 377
2023-08-29 13:04:43.768 [warning] [Decorations] CAPPING events from decorations provider vscode.git 377
2023-08-29 13:04:48.856 [warning] [Decorations] CAPPING events from decorations provider vscode.git 377
2023-08-29 13:04:53.923 [warning] [Decorations] CAPPING events from decorations provider vscode.git 377
2023-08-29 13:04:59.053 [warning] [Decorations] CAPPING events from decorations provider vscode.git 377
2023-08-29 13:05:04.140 [warning] [Decorations] CAPPING events from decorations provider vscode.git 377
2023-08-29 13:05:09.215 [warning] [Decorations] CAPPING events from decorations provider vscode.git 377
2023-08-29 13:05:14.295 [warning] [Decorations] CAPPING events from decorations provider vscode.git 377
2023-08-29 13:05:19.388 [warning] [Decorations] CAPPING events from decorations provider vscode.git 377
2023-08-29 13:05:24.469 [warning] [Decorations] CAPPING events from decorations provider vscode.git 377
2023-08-29 13:05:29.558 [warning] [Decorations] CAPPING events from decorations provider vscode.git 377
2023-08-29 13:05:34.636 [warning] [Decorations] CAPPING events from decorations provider vscode.git 377
2023-08-29 13:05:39.718 [warning] [Decorations] CAPPING events from decorations provider vscode.git 377
2023-08-29 13:05:44.789 [warning] [Decorations] CAPPING events from decorations provider vscode.git 377
2023-08-29 13:05:49.856 [warning] [Decorations] CAPPING events from decorations provider vscode.git 377
2023-08-29 13:05:54.927 [warning] [Decorations] CAPPING events from decorations provider vscode.git 377
2023-08-29 13:06:00.004 [warning] [Decorations] CAPPING events from decorations provider vscode.git 377
2023-08-29 13:06:05.067 [warning] [Decorations] CAPPING events from decorations provider vscode.git 377
2023-08-29 13:06:10.143 [warning] [Decorations] CAPPING events from decorations provider vscode.git 377
2023-08-29 13:06:15.225 [warning] [Decorations] CAPPING events from decorations provider vscode.git 377
2023-08-29 13:06:20.294 [warning] [Decorations] CAPPING events from decorations provider vscode.git 377
2023-08-29 13:06:25.366 [warning] [Decorations] CAPPING events from decorations provider vscode.git 377
2023-08-29 13:06:30.504 [warning] [Decorations] CAPPING events from decorations provider vscode.git 377
2023-08-29 13:06:35.612 [warning] [Decorations] CAPPING events from decorations provider vscode.git 377
2023-08-29 13:06:40.687 [warning] [Decorations] CAPPING events from decorations provider vscode.git 377
2023-08-29 13:06:45.773 [warning] [Decorations] CAPPING events from decorations provider vscode.git 377
2023-08-29 13:06:50.846 [warning] [Decorations] CAPPING events from decorations provider vscode.git 377
2023-08-29 13:06:55.919 [warning] [Decorations] CAPPING events from decorations provider vscode.git 377
2023-08-29 13:07:01.024 [warning] [Decorations] CAPPING events from decorations provider vscode.git 377
2023-08-29 13:07:06.124 [warning] [Decorations] CAPPING events from decorations provider vscode.git 377
2023-08-29 13:07:11.198 [warning] [Decorations] CAPPING events from decorations provider vscode.git 377
2023-08-29 13:07:16.274 [warning] [Decorations] CAPPING events from decorations provider vscode.git 377
2023-08-29 13:07:21.346 [warning] [Decorations] CAPPING events from decorations provider vscode.git 377
2023-08-29 13:07:26.418 [warning] [Decorations] CAPPING events from decorations provider vscode.git 377
2023-08-29 13:07:31.489 [warning] [Decorations] CAPPING events from decorations provider vscode.git 377
2023-08-29 13:07:36.579 [warning] [Decorations] CAPPING events from decorations provider vscode.git 377
2023-08-29 13:07:41.668 [warning] [Decorations] CAPPING events from decorations provider vscode.git 377
2023-08-29 13:07:46.747 [warning] [Decorations] CAPPING events from decorations provider vscode.git 377
2023-08-29 13:07:51.830 [warning] [Decorations] CAPPING events from decorations provider vscode.git 377
2023-08-29 13:07:56.900 [warning] [Decorations] CAPPING events from decorations provider vscode.git 377
2023-08-29 13:08:01.969 [warning] [Decorations] CAPPING events from decorations provider vscode.git 377
2023-08-29 13:08:07.044 [warning] [Decorations] CAPPING events from decorations provider vscode.git 377
2023-08-29 13:08:12.151 [warning] [Decorations] CAPPING events from decorations provider vscode.git 377
2023-08-29 13:08:17.228 [warning] [Decorations] CAPPING events from decorations provider vscode.git 377
2023-08-29 13:08:22.313 [warning] [Decorations] CAPPING events from decorations provider vscode.git 377
2023-08-29 13:08:27.393 [warning] [Decorations] CAPPING events from decorations provider vscode.git 377
2023-08-29 13:08:32.462 [warning] [Decorations] CAPPING events from decorations provider vscode.git 377
2023-08-29 13:08:37.535 [warning] [Decorations] CAPPING events from decorations provider vscode.git 377
2023-08-29 13:08:42.652 [warning] [Decorations] CAPPING events from decorations provider vscode.git 377
2023-08-29 13:08:47.722 [warning] [Decorations] CAPPING events from decorations provider vscode.git 377
2023-08-29 13:08:52.789 [warning] [Decorations] CAPPING events from decorations provider vscode.git 377
2023-08-29 13:08:57.863 [warning] [Decorations] CAPPING events from decorations provider vscode.git 377
2023-08-29 13:09:02.935 [warning] [Decorations] CAPPING events from decorations provider vscode.git 377
2023-08-29 13:09:08.003 [warning] [Decorations] CAPPING events from decorations provider vscode.git 377
2023-08-29 13:09:13.074 [warning] [Decorations] CAPPING events from decorations provider vscode.git 377
2023-08-29 13:09:18.152 [warning] [Decorations] CAPPING events from decorations provider vscode.git 377
2023-08-29 13:09:23.242 [warning] [Decorations] CAPPING events from decorations provider vscode.git 377
2023-08-29 13:09:28.312 [warning] [Decorations] CAPPING events from decorations provider vscode.git 377
2023-08-29 13:09:33.392 [warning] [Decorations] CAPPING events from decorations provider vscode.git 377
2023-08-29 13:09:38.482 [warning] [Decorations] CAPPING events from decorations provider vscode.git 377
2023-08-29 13:09:43.574 [warning] [Decorations] CAPPING events from decorations provider vscode.git 377
2023-08-29 13:09:48.651 [warning] [Decorations] CAPPING events from decorations provider vscode.git 377
2023-08-29 13:09:53.718 [warning] [Decorations] CAPPING events from decorations provider vscode.git 377
2023-08-29 13:09:58.789 [warning] [Decorations] CAPPING events from decorations provider vscode.git 377
2023-08-29 13:10:03.858 [warning] [Decorations] CAPPING events from decorations provider vscode.git 377
2023-08-29 13:10:08.937 [warning] [Decorations] CAPPING events from decorations provider vscode.git 377
2023-08-29 13:10:14.007 [warning] [Decorations] CAPPING events from decorations provider vscode.git 377
2023-08-29 13:10:19.084 [warning] [Decorations] CAPPING events from decorations provider vscode.git 377
2023-08-29 13:10:24.153 [warning] [Decorations] CAPPING events from decorations provider vscode.git 377
2023-08-29 13:10:29.238 [warning] [Decorations] CAPPING events from decorations provider vscode.git 377
2023-08-29 13:10:34.313 [warning] [Decorations] CAPPING events from decorations provider vscode.git 377
2023-08-29 13:10:39.381 [warning] [Decorations] CAPPING events from decorations provider vscode.git 377
2023-08-29 13:10:44.474 [warning] [Decorations] CAPPING events from decorations provider vscode.git 377
2023-08-29 13:10:49.545 [warning] [Decorations] CAPPING events from decorations provider vscode.git 377
2023-08-29 13:10:54.632 [warning] [Decorations] CAPPING events from decorations provider vscode.git 377
2023-08-29 13:10:59.700 [warning] [Decorations] CAPPING events from decorations provider vscode.git 377
2023-08-29 13:11:04.790 [warning] [Decorations] CAPPING events from decorations provider vscode.git 377
2023-08-29 13:11:09.863 [warning] [Decorations] CAPPING events from decorations provider vscode.git 377
2023-08-29 13:11:14.943 [warning] [Decorations] CAPPING events from decorations provider vscode.git 377
2023-08-29 13:11:20.023 [warning] [Decorations] CAPPING events from decorations provider vscode.git 377
2023-08-29 13:11:25.094 [warning] [Decorations] CAPPING events from decorations provider vscode.git 377
2023-08-29 13:11:30.185 [warning] [Decorations] CAPPING events from decorations provider vscode.git 377
2023-08-29 13:11:35.258 [warning] [Decorations] CAPPING events from decorations provider vscode.git 377
2023-08-29 13:11:40.349 [warning] [Decorations] CAPPING events from decorations provider vscode.git 377
2023-08-29 13:11:45.414 [warning] [Decorations] CAPPING events from decorations provider vscode.git 377
2023-08-29 13:11:50.491 [warning] [Decorations] CAPPING events from decorations provider vscode.git 377
2023-08-29 13:11:55.568 [warning] [Decorations] CAPPING events from decorations provider vscode.git 377
2023-08-29 13:12:00.637 [warning] [Decorations] CAPPING events from decorations provider vscode.git 377
2023-08-29 13:12:05.744 [warning] [Decorations] CAPPING events from decorations provider vscode.git 377
2023-08-29 13:12:10.812 [warning] [Decorations] CAPPING events from decorations provider vscode.git 377
2023-08-29 13:12:15.880 [warning] [Decorations] CAPPING events from decorations provider vscode.git 377
2023-08-29 13:12:20.956 [warning] [Decorations] CAPPING events from decorations provider vscode.git 377
2023-08-29 13:12:26.028 [warning] [Decorations] CAPPING events from decorations provider vscode.git 377
2023-08-29 13:12:31.112 [warning] [Decorations] CAPPING events from decorations provider vscode.git 377
2023-08-29 13:12:36.190 [warning] [Decorations] CAPPING events from decorations provider vscode.git 377
2023-08-29 13:12:41.260 [warning] [Decorations] CAPPING events from decorations provider vscode.git 377
2023-08-29 13:12:46.357 [warning] [Decorations] CAPPING events from decorations provider vscode.git 377
2023-08-29 13:12:51.449 [warning] [Decorations] CAPPING events from decorations provider vscode.git 377
2023-08-29 13:12:56.530 [warning] [Decorations] CAPPING events from decorations provider vscode.git 377
2023-08-29 13:13:01.644 [warning] [Decorations] CAPPING events from decorations provider vscode.git 377
2023-08-29 13:13:06.724 [warning] [Decorations] CAPPING events from decorations provider vscode.git 377
2023-08-29 13:13:11.809 [warning] [Decorations] CAPPING events from decorations provider vscode.git 377
2023-08-29 13:13:16.876 [warning] [Decorations] CAPPING events from decorations provider vscode.git 377
2023-08-29 13:13:21.951 [warning] [Decorations] CAPPING events from decorations provider vscode.git 377
2023-08-29 13:13:27.026 [warning] [Decorations] CAPPING events from decorations provider vscode.git 377
2023-08-29 13:13:32.091 [warning] [Decorations] CAPPING events from decorations provider vscode.git 377
2023-08-29 13:13:37.164 [warning] [Decorations] CAPPING events from decorations provider vscode.git 377
2023-08-29 13:13:42.243 [warning] [Decorations] CAPPING events from decorations provider vscode.git 377
2023-08-29 13:13:47.315 [warning] [Decorations] CAPPING events from decorations provider vscode.git 377
2023-08-29 13:13:52.567 [warning] [Decorations] CAPPING events from decorations provider vscode.git 377
2023-08-29 13:13:57.658 [warning] [Decorations] CAPPING events from decorations provider vscode.git 377
2023-08-29 13:14:02.748 [warning] [Decorations] CAPPING events from decorations provider vscode.git 377
2023-08-29 13:14:07.836 [warning] [Decorations] CAPPING events from decorations provider vscode.git 377
2023-08-29 13:14:12.906 [warning] [Decorations] CAPPING events from decorations provider vscode.git 377
2023-08-29 13:14:17.975 [warning] [Decorations] CAPPING events from decorations provider vscode.git 377
2023-08-29 13:14:23.073 [warning] [Decorations] CAPPING events from decorations provider vscode.git 377
2023-08-29 13:14:28.150 [warning] [Decorations] CAPPING events from decorations provider vscode.git 377
2023-08-29 13:14:33.221 [warning] [Decorations] CAPPING events from decorations provider vscode.git 377
2023-08-29 13:14:38.290 [warning] [Decorations] CAPPING events from decorations provider vscode.git 377
2023-08-29 13:14:43.360 [warning] [Decorations] CAPPING events from decorations provider vscode.git 377
2023-08-29 13:14:48.431 [warning] [Decorations] CAPPING events from decorations provider vscode.git 377
2023-08-29 13:14:53.504 [warning] [Decorations] CAPPING events from decorations provider vscode.git 377
2023-08-29 13:14:58.578 [warning] [Decorations] CAPPING events from decorations provider vscode.git 377
2023-08-29 13:15:03.648 [warning] [Decorations] CAPPING events from decorations provider vscode.git 377
2023-08-29 13:15:08.719 [warning] [Decorations] CAPPING events from decorations provider vscode.git 377
2023-08-29 13:15:13.807 [warning] [Decorations] CAPPING events from decorations provider vscode.git 377
2023-08-29 13:15:18.884 [warning] [Decorations] CAPPING events from decorations provider vscode.git 377
2023-08-29 13:15:23.975 [warning] [Decorations] CAPPING events from decorations provider vscode.git 377
2023-08-29 13:15:29.174 [warning] [Decorations] CAPPING events from decorations provider vscode.git 377
2023-08-29 13:15:34.256 [warning] [Decorations] CAPPING events from decorations provider vscode.git 377
2023-08-29 13:15:39.330 [warning] [Decorations] CAPPING events from decorations provider vscode.git 377
2023-08-29 13:15:44.398 [warning] [Decorations] CAPPING events from decorations provider vscode.git 377
2023-08-29 13:15:49.468 [warning] [Decorations] CAPPING events from decorations provider vscode.git 377
2023-08-29 13:15:54.537 [warning] [Decorations] CAPPING events from decorations provider vscode.git 377
2023-08-29 13:15:59.606 [warning] [Decorations] CAPPING events from decorations provider vscode.git 377
2023-08-29 13:16:04.673 [warning] [Decorations] CAPPING events from decorations provider vscode.git 377
2023-08-29 13:16:09.760 [warning] [Decorations] CAPPING events from decorations provider vscode.git 377
2023-08-29 13:16:14.842 [warning] [Decorations] CAPPING events from decorations provider vscode.git 377
2023-08-29 13:16:19.917 [warning] [Decorations] CAPPING events from decorations provider vscode.git 377
2023-08-29 13:16:25.004 [warning] [Decorations] CAPPING events from decorations provider vscode.git 377
2023-08-29 13:16:30.080 [warning] [Decorations] CAPPING events from decorations provider vscode.git 377
2023-08-29 13:16:35.152 [warning] [Decorations] CAPPING events from decorations provider vscode.git 377
2023-08-29 13:16:40.225 [warning] [Decorations] CAPPING events from decorations provider vscode.git 377
2023-08-29 13:16:45.309 [warning] [Decorations] CAPPING events from decorations provider vscode.git 377
2023-08-29 13:16:50.380 [warning] [Decorations] CAPPING events from decorations provider vscode.git 377
2023-08-29 13:16:55.448 [warning] [Decorations] CAPPING events from decorations provider vscode.git 377
2023-08-29 13:17:00.526 [warning] [Decorations] CAPPING events from decorations provider vscode.git 377
2023-08-29 13:17:05.604 [warning] [Decorations] CAPPING events from decorations provider vscode.git 377
2023-08-29 13:17:10.688 [warning] [Decorations] CAPPING events from decorations provider vscode.git 377
2023-08-29 13:17:15.757 [warning] [Decorations] CAPPING events from decorations provider vscode.git 377
2023-08-29 13:17:20.838 [warning] [Decorations] CAPPING events from decorations provider vscode.git 377
2023-08-29 13:17:25.907 [warning] [Decorations] CAPPING events from decorations provider vscode.git 377
2023-08-29 13:17:30.991 [warning] [Decorations] CAPPING events from decorations provider vscode.git 377
2023-08-29 13:17:36.072 [warning] [Decorations] CAPPING events from decorations provider vscode.git 377
2023-08-29 13:17:41.158 [warning] [Decorations] CAPPING events from decorations provider vscode.git 377
2023-08-29 13:17:46.234 [warning] [Decorations] CAPPING events from decorations provider vscode.git 377
2023-08-29 13:17:51.311 [warning] [Decorations] CAPPING events from decorations provider vscode.git 377
2023-08-29 13:17:56.380 [warning] [Decorations] CAPPING events from decorations provider vscode.git 377
2023-08-29 13:18:01.449 [warning] [Decorations] CAPPING events from decorations provider vscode.git 377
2023-08-29 13:18:06.522 [warning] [Decorations] CAPPING events from decorations provider vscode.git 377
2023-08-29 13:18:11.595 [warning] [Decorations] CAPPING events from decorations provider vscode.git 377
2023-08-29 13:18:16.674 [warning] [Decorations] CAPPING events from decorations provider vscode.git 377
2023-08-29 13:18:21.750 [warning] [Decorations] CAPPING events from decorations provider vscode.git 377
2023-08-29 13:18:26.828 [warning] [Decorations] CAPPING events from decorations provider vscode.git 377
2023-08-29 13:18:31.909 [warning] [Decorations] CAPPING events from decorations provider vscode.git 377
2023-08-29 13:18:36.984 [warning] [Decorations] CAPPING events from decorations provider vscode.git 377
2023-08-29 13:18:42.054 [warning] [Decorations] CAPPING events from decorations provider vscode.git 377
2023-08-29 13:18:47.138 [warning] [Decorations] CAPPING events from decorations provider vscode.git 377
2023-08-29 13:18:52.218 [warning] [Decorations] CAPPING events from decorations provider vscode.git 377
2023-08-29 13:18:57.300 [warning] [Decorations] CAPPING events from decorations provider vscode.git 377
2023-08-29 13:19:02.381 [warning] [Decorations] CAPPING events from decorations provider vscode.git 377
2023-08-29 13:19:07.457 [warning] [Decorations] CAPPING events from decorations provider vscode.git 377
2023-08-29 13:19:12.522 [warning] [Decorations] CAPPING events from decorations provider vscode.git 377
2023-08-29 13:19:17.591 [warning] [Decorations] CAPPING events from decorations provider vscode.git 377
2023-08-29 13:19:22.669 [warning] [Decorations] CAPPING events from decorations provider vscode.git 377
2023-08-29 13:19:27.740 [warning] [Decorations] CAPPING events from decorations provider vscode.git 377
2023-08-29 13:19:32.809 [warning] [Decorations] CAPPING events from decorations provider vscode.git 377
2023-08-29 13:19:37.882 [warning] [Decorations] CAPPING events from decorations provider vscode.git 377
2023-08-29 13:19:42.960 [warning] [Decorations] CAPPING events from decorations provider vscode.git 377
2023-08-29 13:19:48.022 [warning] [Decorations] CAPPING events from decorations provider vscode.git 377
2023-08-29 13:19:53.164 [warning] [Decorations] CAPPING events from decorations provider vscode.git 377
2023-08-29 13:19:58.255 [warning] [Decorations] CAPPING events from decorations provider vscode.git 377
2023-08-29 13:20:03.337 [warning] [Decorations] CAPPING events from decorations provider vscode.git 377
2023-08-29 13:20:08.411 [warning] [Decorations] CAPPING events from decorations provider vscode.git 377
2023-08-29 13:20:13.481 [warning] [Decorations] CAPPING events from decorations provider vscode.git 377
2023-08-29 13:20:18.557 [warning] [Decorations] CAPPING events from decorations provider vscode.git 377
2023-08-29 13:20:23.629 [warning] [Decorations] CAPPING events from decorations provider vscode.git 377
2023-08-29 13:20:28.859 [warning] [Decorations] CAPPING events from decorations provider vscode.git 377
2023-08-29 13:20:33.979 [warning] [Decorations] CAPPING events from decorations provider vscode.git 377
2023-08-29 13:20:39.136 [warning] [Decorations] CAPPING events from decorations provider vscode.git 377
2023-08-29 13:20:44.236 [warning] [Decorations] CAPPING events from decorations provider vscode.git 377
2023-08-29 13:20:49.324 [warning] [Decorations] CAPPING events from decorations provider vscode.git 377
2023-08-29 13:20:54.404 [warning] [Decorations] CAPPING events from decorations provider vscode.git 377
2023-08-29 13:20:59.480 [warning] [Decorations] CAPPING events from decorations provider vscode.git 377
2023-08-29 13:21:04.956 [warning] [Decorations] CAPPING events from decorations provider vscode.git 377
2023-08-29 13:21:10.146 [warning] [Decorations] CAPPING events from decorations provider vscode.git 377
2023-08-29 13:21:15.723 [warning] [Decorations] CAPPING events from decorations provider vscode.git 377
2023-08-29 13:21:20.788 [warning] [Decorations] CAPPING events from decorations provider vscode.git 377
2023-08-29 13:21:25.971 [warning] [Decorations] CAPPING events from decorations provider vscode.git 377
2023-08-29 13:21:31.150 [warning] [Decorations] CAPPING events from decorations provider vscode.git 377
2023-08-29 13:21:57.218 [warning] [Decorations] CAPPING events from decorations provider vscode.git 377
2023-08-29 13:24:22.603 [warning] [Decorations] CAPPING events from decorations provider vscode.git 377
2023-08-29 13:24:27.862 [warning] [Decorations] CAPPING events from decorations provider vscode.git 377
2023-08-29 13:24:33.083 [warning] [Decorations] CAPPING events from decorations provider vscode.git 377
2023-08-29 13:24:38.197 [warning] [Decorations] CAPPING events from decorations provider vscode.git 377
2023-08-29 13:24:43.271 [warning] [Decorations] CAPPING events from decorations provider vscode.git 377
2023-08-29 13:24:49.010 [warning] [Decorations] CAPPING events from decorations provider vscode.git 377
2023-08-29 13:24:54.149 [warning] [Decorations] CAPPING events from decorations provider vscode.git 377
2023-08-29 13:24:59.447 [warning] [Decorations] CAPPING events from decorations provider vscode.git 377
2023-08-29 13:25:04.538 [warning] [Decorations] CAPPING events from decorations provider vscode.git 377
2023-08-29 13:25:09.688 [warning] [Decorations] CAPPING events from decorations provider vscode.git 377
2023-08-29 13:25:14.800 [warning] [Decorations] CAPPING events from decorations provider vscode.git 377
2023-08-29 13:25:20.046 [warning] [Decorations] CAPPING events from decorations provider vscode.git 377
2023-08-29 13:25:25.131 [warning] [Decorations] CAPPING events from decorations provider vscode.git 377
2023-08-29 13:25:30.204 [warning] [Decorations] CAPPING events from decorations provider vscode.git 377
2023-08-29 13:25:35.283 [warning] [Decorations] CAPPING events from decorations provider vscode.git 377
2023-08-29 13:25:40.488 [warning] [Decorations] CAPPING events from decorations provider vscode.git 377
2023-08-29 13:25:45.614 [warning] [Decorations] CAPPING events from decorations provider vscode.git 377
2023-08-29 13:25:50.737 [warning] [Decorations] CAPPING events from decorations provider vscode.git 377
2023-08-29 13:25:55.973 [warning] [Decorations] CAPPING events from decorations provider vscode.git 377
2023-08-29 13:26:01.204 [warning] [Decorations] CAPPING events from decorations provider vscode.git 377
2023-08-29 13:26:06.580 [warning] [Decorations] CAPPING events from decorations provider vscode.git 377
2023-08-29 13:26:11.849 [warning] [Decorations] CAPPING events from decorations provider vscode.git 377
2023-08-29 13:26:17.076 [warning] [Decorations] CAPPING events from decorations provider vscode.git 378
2023-08-29 13:26:22.231 [warning] [Decorations] CAPPING events from decorations provider vscode.git 379
2023-08-29 13:26:27.334 [warning] [Decorations] CAPPING events from decorations provider vscode.git 379
2023-08-29 13:35:26.253 [warning] [Decorations] CAPPING events from decorations provider vscode.git 383
2023-08-29 13:35:31.624 [warning] [Decorations] CAPPING events from decorations provider vscode.git 383
2023-08-29 13:35:36.965 [warning] [Decorations] CAPPING events from decorations provider vscode.git 383
2023-08-29 13:35:51.146 [warning] [Decorations] CAPPING events from decorations provider vscode.git 385
2023-08-29 13:35:56.305 [warning] [Decorations] CAPPING events from decorations provider vscode.git 386
2023-08-29 13:36:03.727 [warning] [Decorations] CAPPING events from decorations provider vscode.git 386
2023-08-29 13:36:08.988 [warning] [Decorations] CAPPING events from decorations provider vscode.git 386
2023-08-29 13:37:15.615 [warning] [Decorations] CAPPING events from decorations provider vscode.git 387
2023-08-29 13:37:21.053 [warning] [Decorations] CAPPING events from decorations provider vscode.git 387
2023-08-29 13:37:26.269 [warning] [Decorations] CAPPING events from decorations provider vscode.git 387
2023-08-29 13:37:31.629 [warning] [Decorations] CAPPING events from decorations provider vscode.git 387
2023-08-29 13:37:36.954 [warning] [Decorations] CAPPING events from decorations provider vscode.git 388
2023-08-29 13:38:28.876 [warning] [Decorations] CAPPING events from decorations provider vscode.git 388
2023-08-29 13:38:50.516 [warning] [Decorations] CAPPING events from decorations provider vscode.git 388
2023-08-29 13:38:55.631 [warning] [Decorations] CAPPING events from decorations provider vscode.git 388
2023-08-29 13:39:00.908 [warning] [Decorations] CAPPING events from decorations provider vscode.git 388
2023-08-29 13:39:06.136 [warning] [Decorations] CAPPING events from decorations provider vscode.git 388
2023-08-29 13:40:20.081 [warning] [Decorations] CAPPING events from decorations provider vscode.git 389
2023-08-29 13:40:31.156 [warning] [Decorations] CAPPING events from decorations provider vscode.git 390
2023-08-29 13:40:36.414 [warning] [Decorations] CAPPING events from decorations provider vscode.git 390
2023-08-29 13:40:41.546 [warning] [Decorations] CAPPING events from decorations provider vscode.git 390
2023-08-29 13:40:46.841 [warning] [Decorations] CAPPING events from decorations provider vscode.git 391
2023-08-29 13:40:53.650 [warning] [Decorations] CAPPING events from decorations provider vscode.git 391
2023-08-29 13:41:01.151 [warning] [Decorations] CAPPING events from decorations provider vscode.git 391
2023-08-29 13:41:06.439 [warning] [Decorations] CAPPING events from decorations provider vscode.git 391
2023-08-29 13:41:11.554 [warning] [Decorations] CAPPING events from decorations provider vscode.git 391
2023-08-29 13:41:16.659 [warning] [Decorations] CAPPING events from decorations provider vscode.git 391
2023-08-29 13:41:21.759 [warning] [Decorations] CAPPING events from decorations provider vscode.git 391
2023-08-29 13:41:26.859 [warning] [Decorations] CAPPING events from decorations provider vscode.git 391
2023-08-29 13:41:33.423 [warning] [Decorations] CAPPING events from decorations provider vscode.git 391
2023-08-29 13:41:38.595 [warning] [Decorations] CAPPING events from decorations provider vscode.git 391
2023-08-29 13:41:43.697 [warning] [Decorations] CAPPING events from decorations provider vscode.git 391
2023-08-29 13:41:48.893 [warning] [Decorations] CAPPING events from decorations provider vscode.git 391
2023-08-29 13:41:54.125 [warning] [Decorations] CAPPING events from decorations provider vscode.git 391
2023-08-29 13:41:59.516 [warning] [Decorations] CAPPING events from decorations provider vscode.git 391
2023-08-29 13:42:04.761 [warning] [Decorations] CAPPING events from decorations provider vscode.git 391
2023-08-29 13:42:09.994 [warning] [Decorations] CAPPING events from decorations provider vscode.git 391
2023-08-29 13:42:23.267 [warning] [Decorations] CAPPING events from decorations provider vscode.git 391
2023-08-29 13:42:28.589 [warning] [Decorations] CAPPING events from decorations provider vscode.git 391
2023-08-29 13:42:33.942 [warning] [Decorations] CAPPING events from decorations provider vscode.git 392
2023-08-29 13:42:43.914 [warning] [Decorations] CAPPING events from decorations provider vscode.git 392
2023-08-29 13:42:49.035 [warning] [Decorations] CAPPING events from decorations provider vscode.git 392
2023-08-29 13:42:57.124 [warning] [Decorations] CAPPING events from decorations provider vscode.git 393
2023-08-29 13:43:12.980 [warning] [Decorations] CAPPING events from decorations provider vscode.git 393
2023-08-29 13:43:18.339 [warning] [Decorations] CAPPING events from decorations provider vscode.git 393
2023-08-29 13:43:24.532 [warning] [Decorations] CAPPING events from decorations provider vscode.git 394
2023-08-29 13:43:53.302 [warning] [Decorations] CAPPING events from decorations provider vscode.git 394
2023-08-29 13:43:59.053 [warning] [Decorations] CAPPING events from decorations provider vscode.git 394
2023-08-29 13:44:04.284 [warning] [Decorations] CAPPING events from decorations provider vscode.git 394
2023-08-29 13:44:09.402 [warning] [Decorations] CAPPING events from decorations provider vscode.git 394
2023-08-29 13:44:14.511 [warning] [Decorations] CAPPING events from decorations provider vscode.git 394
2023-08-29 13:44:19.618 [warning] [Decorations] CAPPING events from decorations provider vscode.git 394
2023-08-29 13:44:25.166 [warning] [Decorations] CAPPING events from decorations provider vscode.git 394
2023-08-29 13:44:30.352 [warning] [Decorations] CAPPING events from decorations provider vscode.git 396
2023-08-29 13:44:35.780 [warning] [Decorations] CAPPING events from decorations provider vscode.git 396
2023-08-29 13:44:40.879 [warning] [Decorations] CAPPING events from decorations provider vscode.git 396
2023-08-29 13:44:46.204 [warning] [Decorations] CAPPING events from decorations provider vscode.git 396
2023-08-29 13:44:51.340 [warning] [Decorations] CAPPING events from decorations provider vscode.git 396
2023-08-29 13:44:56.614 [warning] [Decorations] CAPPING events from decorations provider vscode.git 396
2023-08-29 13:45:01.766 [warning] [Decorations] CAPPING events from decorations provider vscode.git 396
2023-08-29 13:45:06.956 [warning] [Decorations] CAPPING events from decorations provider vscode.git 396
2023-08-29 13:45:12.269 [warning] [Decorations] CAPPING events from decorations provider vscode.git 396
2023-08-29 13:45:42.378 [warning] [Decorations] CAPPING events from decorations provider vscode.git 396
2023-08-29 13:45:47.778 [warning] [Decorations] CAPPING events from decorations provider vscode.git 397
2023-08-29 13:45:52.878 [warning] [Decorations] CAPPING events from decorations provider vscode.git 397
2023-08-29 13:45:57.982 [warning] [Decorations] CAPPING events from decorations provider vscode.git 397
2023-08-29 13:46:03.083 [warning] [Decorations] CAPPING events from decorations provider vscode.git 397
2023-08-29 13:46:08.252 [warning] [Decorations] CAPPING events from decorations provider vscode.git 397
2023-08-29 13:46:13.346 [warning] [Decorations] CAPPING events from decorations provider vscode.git 397
2023-08-29 13:46:18.461 [warning] [Decorations] CAPPING events from decorations provider vscode.git 397
2023-08-29 13:46:23.563 [warning] [Decorations] CAPPING events from decorations provider vscode.git 397
2023-08-29 13:46:28.657 [warning] [Decorations] CAPPING events from decorations provider vscode.git 397
2023-08-29 13:46:33.761 [warning] [Decorations] CAPPING events from decorations provider vscode.git 397
2023-08-29 13:46:38.861 [warning] [Decorations] CAPPING events from decorations provider vscode.git 397
2023-08-29 13:46:44.107 [warning] [Decorations] CAPPING events from decorations provider vscode.git 397
2023-08-29 13:46:49.193 [warning] [Decorations] CAPPING events from decorations provider vscode.git 397
2023-08-29 13:46:54.287 [warning] [Decorations] CAPPING events from decorations provider vscode.git 397
2023-08-29 13:46:59.406 [warning] [Decorations] CAPPING events from decorations provider vscode.git 397
2023-08-29 13:47:04.574 [warning] [Decorations] CAPPING events from decorations provider vscode.git 397
2023-08-29 13:47:09.683 [warning] [Decorations] CAPPING events from decorations provider vscode.git 397
2023-08-29 13:47:14.846 [warning] [Decorations] CAPPING events from decorations provider vscode.git 397
2023-08-29 13:47:20.041 [warning] [Decorations] CAPPING events from decorations provider vscode.git 397
